[2025-03-13 21:08:00,352][flwr][INFO] - Running on CPU
[2025-03-13 21:10:36,406][flwr][INFO] - Datasets loaded. Number of datasets: 3
[2025-03-13 21:10:36,422][flwr][INFO] - Starting Flower simulation, config: ServerConfig(num_rounds=3, round_timeout=None)
[2025-03-13 21:10:41,542][flwr][INFO] - Flower VCE: Ray initialized with resources: {'memory': 3968154011.0, 'CPU': 18.0, 'node:127.0.0.1': 1.0, 'object_store_memory': 1984077004.0}
[2025-03-13 21:10:41,542][flwr][INFO] - Initializing global parameters
[2025-03-13 21:10:41,542][flwr][INFO] - Requesting initial parameters from one random client
[2025-03-13 21:10:44,883][flwr][INFO] - Received initial parameters from one random client
[2025-03-13 21:10:44,883][flwr][INFO] - Evaluating initial parameters
[2025-03-13 21:17:07,599][flwr][INFO] - initial parameters (loss, other metrics): 1.2915145353621422, {'iou': [0.09206741831094228, 0.06419035449969192, 0.01655317830279476], 'dice': [0.16777973048111924, 0.12062145133020047, 0.03255330387748353], 'loss': [1.2465991973876953, 1.2488120323003724, 1.379132376398359]}
[2025-03-13 21:17:07,599][flwr][INFO] - FL starting
[2025-03-13 21:17:07,599][flwr][DEBUG] - fit_round 1: strategy sampled 1 clients (out of 3)
[2025-03-13 21:45:41,667][flwr][DEBUG] - fit_round 1 received 1 results and 0 failures
[2025-03-13 21:45:41,887][flwr][WARNING] - No fit_metrics_aggregation_fn provided
[2025-03-13 21:51:55,575][flwr][INFO] - fit progress: (1, 1.9194590788478998, {'iou': [0.0017239228133946378, 7.09858821998306e-10, 0.14649346512674488], 'dice': [0.003418679307194623, 1.4197176418434522e-09, 0.25356396581009505], 'loss': [2.1025866270065308, 2.8074867669926133, 0.8483038425445557]}, 2087.9561017)
[2025-03-13 21:51:55,575][flwr][DEBUG] - evaluate_round 1: strategy sampled 1 clients (out of 3)
[2025-03-13 21:53:54,387][flwr][DEBUG] - evaluate_round 1 received 1 results and 0 failures
[2025-03-13 21:53:54,387][flwr][WARNING] - No evaluate_metrics_aggregation_fn provided
[2025-03-13 21:53:54,387][flwr][DEBUG] - fit_round 2: strategy sampled 1 clients (out of 3)
[2025-03-13 22:22:24,372][flwr][DEBUG] - fit_round 2 received 1 results and 0 failures
[2025-03-13 22:29:13,117][flwr][INFO] - fit progress: (2, 27.917514727258872, {'iou': [0.0916331380251802, 0.7435162357900321, 0.01740833303318674], 'dice': [0.16686416623332948, 0.8522863622737616, 0.03420616633447822], 'loss': [33.783817291259766, 0.19747216029222622, 49.77125473022461]}, 4325.499259499999)
[2025-03-13 22:29:13,117][flwr][DEBUG] - evaluate_round 2: strategy sampled 1 clients (out of 3)
[2025-03-13 22:31:44,086][flwr][DEBUG] - evaluate_round 2 received 1 results and 0 failures
[2025-03-13 22:31:44,086][flwr][DEBUG] - fit_round 3: strategy sampled 1 clients (out of 3)
[2025-03-13 23:00:25,191][flwr][DEBUG] - fit_round 3 received 1 results and 0 failures
[2025-03-13 23:07:04,208][flwr][INFO] - fit progress: (3, 37.0319586464128, {'iou': [0.089119207006156, 0.7273637122965819, 0.01765670097933442], 'dice': [0.16264259253554164, 0.8415019982957759, 0.03468561754779539], 'loss': [45.31020482381185, 0.21355840529120246, 65.57211271013533]}, 6596.5869757)
[2025-03-13 23:07:04,208][flwr][DEBUG] - evaluate_round 3: strategy sampled 1 clients (out of 3)
[2025-03-13 23:07:37,314][flwr][DEBUG] - evaluate_round 3 received 1 results and 0 failures
[2025-03-13 23:07:37,316][flwr][INFO] - FL finished in 6629.6924939
[2025-03-13 23:07:37,324][flwr][INFO] - app_fit: losses_distributed [(1, 0.8492817814861026), (2, 0.1904818569036091), (3, 44.80300194876535)]
[2025-03-13 23:07:37,324][flwr][INFO] - app_fit: metrics_distributed_fit {}
[2025-03-13 23:07:37,324][flwr][INFO] - app_fit: metrics_distributed {}
[2025-03-13 23:07:37,324][flwr][INFO] - app_fit: losses_centralized [(0, 1.2915145353621422), (1, 1.9194590788478998), (2, 27.917514727258872), (3, 37.0319586464128)]
[2025-03-13 23:07:37,324][flwr][INFO] - app_fit: metrics_centralized {'iou': [(0, [0.09206741831094228, 0.06419035449969192, 0.01655317830279476]), (1, [0.0017239228133946378, 7.09858821998306e-10, 0.14649346512674488]), (2, [0.0916331380251802, 0.7435162357900321, 0.01740833303318674]), (3, [0.089119207006156, 0.7273637122965819, 0.01765670097933442])], 'dice': [(0, [0.16777973048111924, 0.12062145133020047, 0.03255330387748353]), (1, [0.003418679307194623, 1.4197176418434522e-09, 0.25356396581009505]), (2, [0.16686416623332948, 0.8522863622737616, 0.03420616633447822]), (3, [0.16264259253554164, 0.8415019982957759, 0.03468561754779539])], 'loss': [(0, [1.2465991973876953, 1.2488120323003724, 1.379132376398359]), (1, [2.1025866270065308, 2.8074867669926133, 0.8483038425445557]), (2, [33.783817291259766, 0.19747216029222622, 49.77125473022461]), (3, [45.31020482381185, 0.21355840529120246, 65.57211271013533])]}
