[2025-03-22 16:07:46,271][flwr][INFO] - Running on CUDA compatible GPU
[2025-03-22 16:07:46,307][flwr][INFO] - Datasets loaded. Number of datasets: 3
[2025-03-22 16:07:46,310][flwr][INFO] - Starting Flower simulation, config: ServerConfig(num_rounds=200, round_timeout=None)
[2025-03-22 16:07:50,363][flwr][INFO] - Flower VCE: Ray initialized with resources: {'GPU': 1.0, 'node:__internal_head__': 1.0, 'CPU': 2.0, 'memory': 9322110157.0, 'accelerator_type:T4': 1.0, 'node:172.28.0.12': 1.0, 'object_store_memory': 3995190067.0}
[2025-03-22 16:07:50,363][flwr][INFO] - Initializing global parameters
[2025-03-22 16:07:50,364][flwr][INFO] - Requesting initial parameters from one random client
[2025-03-22 16:08:03,175][flwr][INFO] - Received initial parameters from one random client
[2025-03-22 16:08:03,176][flwr][INFO] - Evaluating initial parameters
[2025-03-22 16:08:09,588][flwr][INFO] - initial parameters (loss, other metrics): 1.2578912840949166, {'iou': [0.06579883459230108, 0.11658517538883999, 0.06714778230032349], 'dice': [0.12254483895991987, 0.2075529438461231, 0.12260405138194912], 'loss': [1.2793374061584473, 1.2159434954325359, 1.2783929506937664]}
[2025-03-22 16:08:09,592][flwr][INFO] - FL starting
[2025-03-22 16:08:09,592][flwr][DEBUG] - fit_round 1: strategy sampled 3 clients (out of 3)
[2025-03-22 16:08:44,972][flwr][DEBUG] - fit_round 1 received 3 results and 0 failures
[2025-03-22 16:08:45,533][flwr][WARNING] - No fit_metrics_aggregation_fn provided
[2025-03-22 16:08:49,662][flwr][INFO] - fit progress: (1, 1.045985500017802, {'iou': [0.01419590778978823, 0.012937785100584106, 0.01053693659011505], 'dice': [0.027725215288275092, 0.025441912428451938, 0.020795244654395854], 'loss': [1.0525755484898884, 1.0427201986312866, 1.0426607529322307]}, 40.07034289999956)
[2025-03-22 16:08:49,663][flwr][DEBUG] - evaluate_round 1: strategy sampled 3 clients (out of 3)
[2025-03-22 16:08:56,806][flwr][DEBUG] - evaluate_round 1 received 3 results and 0 failures
[2025-03-22 16:08:56,808][flwr][WARNING] - No evaluate_metrics_aggregation_fn provided
[2025-03-22 16:08:56,809][flwr][DEBUG] - fit_round 2: strategy sampled 3 clients (out of 3)
[2025-03-22 16:09:30,512][flwr][DEBUG] - fit_round 2 received 3 results and 0 failures
[2025-03-22 16:09:34,819][flwr][INFO] - fit progress: (2, 1.0056521627638075, {'iou': [0.09925854850892762, 0.1255372085734084, 0.09690565047577099], 'dice': [0.17868279831501463, 0.22150260586240422, 0.17599615309382488], 'loss': [0.9894011418024699, 0.9974319140116373, 1.0301234324773152]}, 85.22726939999939)
[2025-03-22 16:09:34,820][flwr][DEBUG] - evaluate_round 2: strategy sampled 3 clients (out of 3)
[2025-03-22 16:09:42,094][flwr][DEBUG] - evaluate_round 2 received 3 results and 0 failures
[2025-03-22 16:09:42,095][flwr][DEBUG] - fit_round 3: strategy sampled 3 clients (out of 3)
[2025-03-22 16:10:15,710][flwr][DEBUG] - fit_round 3 received 3 results and 0 failures
[2025-03-22 16:10:20,103][flwr][INFO] - fit progress: (3, 1.0107585257954066, {'iou': [0.10690843232354517, 0.12865917125506646, 0.093895516363649], 'dice': [0.19145505149193287, 0.22671506130552785, 0.17163960557572486], 'loss': [0.9976475437482198, 1.0036682883898418, 1.0309597452481587]}, 130.51069850399927)
[2025-03-22 16:10:20,103][flwr][DEBUG] - evaluate_round 3: strategy sampled 3 clients (out of 3)
[2025-03-22 16:10:27,034][flwr][DEBUG] - evaluate_round 3 received 3 results and 0 failures
[2025-03-22 16:10:27,034][flwr][DEBUG] - fit_round 4: strategy sampled 3 clients (out of 3)
[2025-03-22 16:11:00,546][flwr][DEBUG] - fit_round 4 received 3 results and 0 failures
[2025-03-22 16:11:04,819][flwr][INFO] - fit progress: (4, 0.9964606430795456, {'iou': [0.08996425705598103, 0.09286523842859351, 0.09418974460966793], 'dice': [0.16467176230698102, 0.1693685660172006, 0.17199961122381277], 'loss': [0.9804306427637736, 0.9941931168238322, 1.0147581696510315]}, 175.22692324999934)
[2025-03-22 16:11:04,820][flwr][DEBUG] - evaluate_round 4: strategy sampled 3 clients (out of 3)
[2025-03-22 16:11:11,755][flwr][DEBUG] - evaluate_round 4 received 3 results and 0 failures
[2025-03-22 16:11:11,756][flwr][DEBUG] - fit_round 5: strategy sampled 3 clients (out of 3)
[2025-03-22 16:11:45,228][flwr][DEBUG] - fit_round 5 received 3 results and 0 failures
[2025-03-22 16:11:49,700][flwr][INFO] - fit progress: (5, 1.002039995458391, {'iou': [0.08237361089279803, 0.08677984421579726, 0.07869342546240994], 'dice': [0.15206490530453698, 0.15954491350407643, 0.14584073210329926], 'loss': [0.9745186567306519, 1.0009109576543171, 1.0306903719902039]}, 220.10842064899953)
[2025-03-22 16:11:49,701][flwr][DEBUG] - evaluate_round 5: strategy sampled 3 clients (out of 3)
[2025-03-22 16:11:56,418][flwr][DEBUG] - evaluate_round 5 received 3 results and 0 failures
[2025-03-22 16:11:56,419][flwr][DEBUG] - fit_round 6: strategy sampled 3 clients (out of 3)
[2025-03-22 16:12:30,354][flwr][DEBUG] - fit_round 6 received 3 results and 0 failures
[2025-03-22 16:12:34,599][flwr][INFO] - fit progress: (6, 0.9902201824718052, {'iou': [0.11249632064287156, 0.13829020185384694, 0.10850144720143791], 'dice': [0.19996269481338233, 0.24101700549469493, 0.19490722826462215], 'loss': [0.9782276749610901, 0.9805115660031637, 1.0119213064511616]}, 265.0072448759993)
[2025-03-22 16:12:34,600][flwr][DEBUG] - evaluate_round 6: strategy sampled 3 clients (out of 3)
[2025-03-22 16:12:41,067][flwr][DEBUG] - evaluate_round 6 received 3 results and 0 failures
[2025-03-22 16:12:41,068][flwr][DEBUG] - fit_round 7: strategy sampled 3 clients (out of 3)
[2025-03-22 16:13:14,560][flwr][DEBUG] - fit_round 7 received 3 results and 0 failures
[2025-03-22 16:13:18,930][flwr][INFO] - fit progress: (7, 0.9922690126630994, {'iou': [0.10386686628735647, 0.10959032907056393, 0.09062786071355311], 'dice': [0.1860669138002887, 0.19667078743641597, 0.1657764093827769], 'loss': [0.9651027123133341, 0.9907103578249613, 1.020993967851003]}, 309.33801295899957)
[2025-03-22 16:13:18,931][flwr][DEBUG] - evaluate_round 7: strategy sampled 3 clients (out of 3)
[2025-03-22 16:13:24,902][flwr][DEBUG] - evaluate_round 7 received 3 results and 0 failures
[2025-03-22 16:13:24,904][flwr][DEBUG] - fit_round 8: strategy sampled 3 clients (out of 3)
[2025-03-22 16:13:59,179][flwr][DEBUG] - fit_round 8 received 3 results and 0 failures
[2025-03-22 16:14:03,538][flwr][INFO] - fit progress: (8, 0.9901410010125901, {'iou': [0.0877292401023086, 0.08951539492100863, 0.08327300974281954], 'dice': [0.1598896643400244, 0.1638740134304568, 0.15352305505075184], 'loss': [0.9648910562197367, 0.9899992148081461, 1.0155327320098877]}, 353.94560627099963)
[2025-03-22 16:14:03,538][flwr][DEBUG] - evaluate_round 8: strategy sampled 3 clients (out of 3)
[2025-03-22 16:14:09,206][flwr][DEBUG] - evaluate_round 8 received 3 results and 0 failures
[2025-03-22 16:14:09,207][flwr][DEBUG] - fit_round 9: strategy sampled 3 clients (out of 3)
[2025-03-22 16:14:43,036][flwr][DEBUG] - fit_round 9 received 3 results and 0 failures
[2025-03-22 16:14:47,401][flwr][INFO] - fit progress: (9, 0.9888902571466233, {'iou': [0.11863597530137539, 0.13046849831522717, 0.10272031578362502], 'dice': [0.209624325040192, 0.22798147604531002, 0.18517518244983067], 'loss': [0.9592759609222412, 0.9885270396868387, 1.0188677708307903]}, 397.80893860299966)
[2025-03-22 16:14:47,402][flwr][DEBUG] - evaluate_round 9: strategy sampled 3 clients (out of 3)
[2025-03-22 16:14:52,657][flwr][DEBUG] - evaluate_round 9 received 3 results and 0 failures
[2025-03-22 16:14:52,658][flwr][DEBUG] - fit_round 10: strategy sampled 3 clients (out of 3)
[2025-03-22 16:15:26,577][flwr][DEBUG] - fit_round 10 received 3 results and 0 failures
[2025-03-22 16:15:31,610][flwr][INFO] - fit progress: (10, 0.9843386477894253, {'iou': [0.1276578025013462, 0.1363453808949459, 0.11320989293070095], 'dice': [0.22482765804081337, 0.23597021540590468, 0.20159592199665957], 'loss': [0.9541073640187582, 0.9842842618624369, 1.0146243174870808]}, 442.01810182399913)
[2025-03-22 16:15:31,611][flwr][DEBUG] - evaluate_round 10: strategy sampled 3 clients (out of 3)
[2025-03-22 16:15:36,927][flwr][DEBUG] - evaluate_round 10 received 3 results and 0 failures
[2025-03-22 16:15:36,929][flwr][DEBUG] - fit_round 11: strategy sampled 3 clients (out of 3)
[2025-03-22 16:16:09,912][flwr][DEBUG] - fit_round 11 received 3 results and 0 failures
[2025-03-22 16:16:15,589][flwr][INFO] - fit progress: (11, 0.9829542636871338, {'iou': [0.11758036714794472, 0.13947424587897192, 0.11509752616315157], 'dice': [0.20822265746849486, 0.24174267239158562, 0.20458039257192595], 'loss': [0.962093710899353, 0.9836864868799845, 1.0030825932820637]}, 485.99692193399915)
[2025-03-22 16:16:15,590][flwr][DEBUG] - evaluate_round 11: strategy sampled 3 clients (out of 3)
[2025-03-22 16:16:20,973][flwr][DEBUG] - evaluate_round 11 received 3 results and 0 failures
[2025-03-22 16:16:20,974][flwr][DEBUG] - fit_round 12: strategy sampled 3 clients (out of 3)
[2025-03-22 16:16:53,633][flwr][DEBUG] - fit_round 12 received 3 results and 0 failures
[2025-03-22 16:16:59,677][flwr][INFO] - fit progress: (12, 0.9791009426116943, {'iou': [0.12159014236374434, 0.14226210429237005, 0.11637133965449474], 'dice': [0.21448564999861572, 0.24734391072258155, 0.20763495466263793], 'loss': [0.9560796817143759, 0.9787992437680563, 1.0024239023526509]}, 530.0853598539998)
[2025-03-22 16:16:59,678][flwr][DEBUG] - evaluate_round 12: strategy sampled 3 clients (out of 3)
[2025-03-22 16:17:05,041][flwr][DEBUG] - evaluate_round 12 received 3 results and 0 failures
[2025-03-22 16:17:05,043][flwr][DEBUG] - fit_round 13: strategy sampled 3 clients (out of 3)
[2025-03-22 16:17:37,651][flwr][DEBUG] - fit_round 13 received 3 results and 0 failures
[2025-03-22 16:17:43,890][flwr][INFO] - fit progress: (13, 0.9778462052345276, {'iou': [0.11733404024078709, 0.11664310301676567, 0.1055084813847023], 'dice': [0.20785506324129976, 0.206012035828679, 0.19007575889396908], 'loss': [0.9503743648529053, 0.9861314296722412, 0.9970328211784363]}, 574.2985342559996)
[2025-03-22 16:17:43,891][flwr][DEBUG] - evaluate_round 13: strategy sampled 3 clients (out of 3)
[2025-03-22 16:17:49,160][flwr][DEBUG] - evaluate_round 13 received 3 results and 0 failures
[2025-03-22 16:17:49,161][flwr][DEBUG] - fit_round 14: strategy sampled 3 clients (out of 3)
[2025-03-22 16:18:22,009][flwr][DEBUG] - fit_round 14 received 3 results and 0 failures
[2025-03-22 16:18:27,911][flwr][INFO] - fit progress: (14, 0.976975785361396, {'iou': [0.12363555860289764, 0.12752109645714604, 0.11633038878333124], 'dice': [0.21704409047425946, 0.2228157967661709, 0.20804319240471694], 'loss': [0.9436097939809164, 0.9849565227826437, 1.002361039320628]}, 618.3190865109991)
[2025-03-22 16:18:27,912][flwr][DEBUG] - evaluate_round 14: strategy sampled 3 clients (out of 3)
[2025-03-22 16:18:33,340][flwr][DEBUG] - evaluate_round 14 received 3 results and 0 failures
[2025-03-22 16:18:33,341][flwr][DEBUG] - fit_round 15: strategy sampled 3 clients (out of 3)
[2025-03-22 16:19:06,420][flwr][DEBUG] - fit_round 15 received 3 results and 0 failures
[2025-03-22 16:19:11,907][flwr][INFO] - fit progress: (15, 0.980756057633294, {'iou': [0.12455124265384816, 0.13592930737388495, 0.11748373612019847], 'dice': [0.2193803243016479, 0.23693261433958154, 0.20905528734715187], 'loss': [0.9452688495318095, 0.989043394724528, 1.0079559286435444]}, 662.315541553)
[2025-03-22 16:19:11,909][flwr][DEBUG] - evaluate_round 15: strategy sampled 3 clients (out of 3)
[2025-03-22 16:19:17,682][flwr][DEBUG] - evaluate_round 15 received 3 results and 0 failures
[2025-03-22 16:19:17,683][flwr][DEBUG] - fit_round 16: strategy sampled 3 clients (out of 3)
[2025-03-22 16:19:50,527][flwr][DEBUG] - fit_round 16 received 3 results and 0 failures
[2025-03-22 16:19:55,767][flwr][INFO] - fit progress: (16, 0.9709237813949585, {'iou': [0.1620087875394037, 0.1412778801057821, 0.13121401134807809], 'dice': [0.27740234965528987, 0.24349094966369322, 0.23050407754893476], 'loss': [0.9300791025161743, 0.9827724496523539, 0.9999197920163473]}, 706.1754114879996)
[2025-03-22 16:19:55,768][flwr][DEBUG] - evaluate_round 16: strategy sampled 3 clients (out of 3)
[2025-03-22 16:20:01,925][flwr][DEBUG] - evaluate_round 16 received 3 results and 0 failures
[2025-03-22 16:20:01,926][flwr][DEBUG] - fit_round 17: strategy sampled 3 clients (out of 3)
[2025-03-22 16:20:34,754][flwr][DEBUG] - fit_round 17 received 3 results and 0 failures
[2025-03-22 16:20:39,653][flwr][INFO] - fit progress: (17, 0.9680251412921482, {'iou': [0.15932392596375752, 0.1435485337847184, 0.1286319259400153], 'dice': [0.27392623007418226, 0.24787990695797602, 0.22613103526917522], 'loss': [0.9248406887054443, 0.9777689178784689, 1.0014658172925313]}, 750.0605677509993)
[2025-03-22 16:20:39,654][flwr][DEBUG] - evaluate_round 17: strategy sampled 3 clients (out of 3)
[2025-03-22 16:20:46,142][flwr][DEBUG] - evaluate_round 17 received 3 results and 0 failures
[2025-03-22 16:20:46,143][flwr][DEBUG] - fit_round 18: strategy sampled 3 clients (out of 3)
[2025-03-22 16:21:19,361][flwr][DEBUG] - fit_round 18 received 3 results and 0 failures
[2025-03-22 16:21:23,884][flwr][INFO] - fit progress: (18, 0.9429445928997464, {'iou': [0.1680326285329482, 0.14075911237906344, 0.1391513653144741], 'dice': [0.2872120028509879, 0.246033587695892, 0.2430217671871454], 'loss': [0.899741550286611, 0.958941121896108, 0.9701511065165201]}, 794.2924640719993)
[2025-03-22 16:21:23,888][flwr][DEBUG] - evaluate_round 18: strategy sampled 3 clients (out of 3)
[2025-03-22 16:21:30,879][flwr][DEBUG] - evaluate_round 18 received 3 results and 0 failures
[2025-03-22 16:21:30,880][flwr][DEBUG] - fit_round 19: strategy sampled 3 clients (out of 3)
[2025-03-22 16:22:04,374][flwr][DEBUG] - fit_round 19 received 3 results and 0 failures
[2025-03-22 16:22:08,693][flwr][INFO] - fit progress: (19, 0.9297798275947571, {'iou': [0.19533743446477994, 0.16346711251300333, 0.15754476824077598], 'dice': [0.32626192716489977, 0.2804075028488519, 0.27083384660140947], 'loss': [0.877260168393453, 0.9470747510592142, 0.965004563331604]}, 839.1010538019991)
[2025-03-22 16:22:08,694][flwr][DEBUG] - evaluate_round 19: strategy sampled 3 clients (out of 3)
[2025-03-22 16:22:15,921][flwr][DEBUG] - evaluate_round 19 received 3 results and 0 failures
[2025-03-22 16:22:15,922][flwr][DEBUG] - fit_round 20: strategy sampled 3 clients (out of 3)
[2025-03-22 16:22:48,820][flwr][DEBUG] - fit_round 20 received 3 results and 0 failures
[2025-03-22 16:22:53,329][flwr][INFO] - fit progress: (20, 0.9190413554509481, {'iou': [0.20909478540432816, 0.17142835120764843, 0.15429012281969148], 'dice': [0.3453454425234857, 0.29167081898908337, 0.265164927802475], 'loss': [0.8666932384173075, 0.9281529585520426, 0.962277869383494]}, 883.736851402)
[2025-03-22 16:22:53,329][flwr][DEBUG] - evaluate_round 20: strategy sampled 3 clients (out of 3)
[2025-03-22 16:23:00,521][flwr][DEBUG] - evaluate_round 20 received 3 results and 0 failures
[2025-03-22 16:23:00,523][flwr][DEBUG] - fit_round 21: strategy sampled 3 clients (out of 3)
[2025-03-22 16:23:33,791][flwr][DEBUG] - fit_round 21 received 3 results and 0 failures
[2025-03-22 16:23:38,218][flwr][INFO] - fit progress: (21, 0.8960783282915751, {'iou': [0.2406031566104346, 0.17055052569037413, 0.15458412323470264], 'dice': [0.3877485445357139, 0.2912556067199921, 0.26627471226561833], 'loss': [0.8263934850692749, 0.9095912178357443, 0.9522502819697062]}, 928.6264068749997)
[2025-03-22 16:23:38,219][flwr][DEBUG] - evaluate_round 21: strategy sampled 3 clients (out of 3)
[2025-03-22 16:23:45,334][flwr][DEBUG] - evaluate_round 21 received 3 results and 0 failures
[2025-03-22 16:23:45,335][flwr][DEBUG] - fit_round 22: strategy sampled 3 clients (out of 3)
[2025-03-22 16:24:18,427][flwr][DEBUG] - fit_round 22 received 3 results and 0 failures
[2025-03-22 16:24:22,690][flwr][INFO] - fit progress: (22, 0.8811413447062174, {'iou': [0.24621616900293328, 0.18272874033835093, 0.17279925633995932], 'dice': [0.3949378361295355, 0.3089725515446094, 0.29316044325294466], 'loss': [0.7987643877665201, 0.9067650039990743, 0.9378946423530579]}, 973.0981924959997)
[2025-03-22 16:24:22,691][flwr][DEBUG] - evaluate_round 22: strategy sampled 3 clients (out of 3)
[2025-03-22 16:24:29,947][flwr][DEBUG] - evaluate_round 22 received 3 results and 0 failures
[2025-03-22 16:24:29,948][flwr][DEBUG] - fit_round 23: strategy sampled 3 clients (out of 3)
[2025-03-22 16:25:03,153][flwr][DEBUG] - fit_round 23 received 3 results and 0 failures
[2025-03-22 16:25:07,549][flwr][INFO] - fit progress: (23, 0.8626685937245687, {'iou': [0.25798151476496245, 0.20440926178450738, 0.18962427013796915], 'dice': [0.41012440836882297, 0.3393661345817578, 0.3161105609840657], 'loss': [0.7912907600402832, 0.8781203627586365, 0.9185946583747864]}, 1017.9568238029997)
[2025-03-22 16:25:07,552][flwr][DEBUG] - evaluate_round 23: strategy sampled 3 clients (out of 3)
[2025-03-22 16:25:14,481][flwr][DEBUG] - evaluate_round 23 received 3 results and 0 failures
[2025-03-22 16:25:14,483][flwr][DEBUG] - fit_round 24: strategy sampled 3 clients (out of 3)
[2025-03-22 16:25:48,186][flwr][DEBUG] - fit_round 24 received 3 results and 0 failures
[2025-03-22 16:25:52,517][flwr][INFO] - fit progress: (24, 0.844835619131724, {'iou': [0.28678343128682426, 0.19873617074842634, 0.17389583024839864], 'dice': [0.44566286948176165, 0.33148820323060807, 0.29396884156974984], 'loss': [0.7582048376401266, 0.8566120068232218, 0.9196900129318237]}, 1062.9254225619998)
[2025-03-22 16:25:52,518][flwr][DEBUG] - evaluate_round 24: strategy sampled 3 clients (out of 3)
[2025-03-22 16:25:59,017][flwr][DEBUG] - evaluate_round 24 received 3 results and 0 failures
[2025-03-22 16:25:59,018][flwr][DEBUG] - fit_round 25: strategy sampled 3 clients (out of 3)
[2025-03-22 16:26:32,754][flwr][DEBUG] - fit_round 25 received 3 results and 0 failures
[2025-03-22 16:26:37,046][flwr][INFO] - fit progress: (25, 0.8282760911517673, {'iou': [0.3109322527594345, 0.19953646138678582, 0.1804917142407], 'dice': [0.4743334977298234, 0.332665193977003, 0.30330920293452285], 'loss': [0.721089760462443, 0.8546989560127258, 0.9090395569801331]}, 1107.453714022)
[2025-03-22 16:26:37,046][flwr][DEBUG] - evaluate_round 25: strategy sampled 3 clients (out of 3)
[2025-03-22 16:26:43,019][flwr][DEBUG] - evaluate_round 25 received 3 results and 0 failures
[2025-03-22 16:26:43,021][flwr][DEBUG] - fit_round 26: strategy sampled 3 clients (out of 3)
[2025-03-22 16:27:17,577][flwr][DEBUG] - fit_round 26 received 3 results and 0 failures
[2025-03-22 16:27:22,006][flwr][INFO] - fit progress: (26, 0.8077692919307284, {'iou': [0.30297562535472555, 0.2229995675881744, 0.2017221615612063], 'dice': [0.46498003382154085, 0.36448098002320034, 0.33290430366512164], 'loss': [0.7222386201222738, 0.8237436215082804, 0.8773256341616312]}, 1152.4145443809994)
[2025-03-22 16:27:22,007][flwr][DEBUG] - evaluate_round 26: strategy sampled 3 clients (out of 3)
[2025-03-22 16:27:27,463][flwr][DEBUG] - evaluate_round 26 received 3 results and 0 failures
[2025-03-22 16:27:27,463][flwr][DEBUG] - fit_round 27: strategy sampled 3 clients (out of 3)
[2025-03-22 16:28:02,057][flwr][DEBUG] - fit_round 27 received 3 results and 0 failures
[2025-03-22 16:28:06,697][flwr][INFO] - fit progress: (27, 0.804363899760776, {'iou': [0.32434165608678117, 0.21018683631902135, 0.20060247975820036], 'dice': [0.4891273259470969, 0.34702633673972594, 0.3318176779074314], 'loss': [0.7107132871945699, 0.8319535056749979, 0.8704249064127604]}, 1197.1049768979992)
[2025-03-22 16:28:06,698][flwr][DEBUG] - evaluate_round 27: strategy sampled 3 clients (out of 3)
[2025-03-22 16:28:11,977][flwr][DEBUG] - evaluate_round 27 received 3 results and 0 failures
[2025-03-22 16:28:11,978][flwr][DEBUG] - fit_round 28: strategy sampled 3 clients (out of 3)
[2025-03-22 16:28:46,554][flwr][DEBUG] - fit_round 28 received 3 results and 0 failures
[2025-03-22 16:28:51,570][flwr][INFO] - fit progress: (28, 0.7901159392462836, {'iou': [0.3196774165176453, 0.22337555467143896, 0.19370433523040276], 'dice': [0.48438312383494625, 0.36507075768210573, 0.3227537987758027], 'loss': [0.6976539293924967, 0.798184891541799, 0.8745089968045553]}, 1241.9782055509995)
[2025-03-22 16:28:51,571][flwr][DEBUG] - evaluate_round 28: strategy sampled 3 clients (out of 3)
[2025-03-22 16:28:56,963][flwr][DEBUG] - evaluate_round 28 received 3 results and 0 failures
[2025-03-22 16:28:56,964][flwr][DEBUG] - fit_round 29: strategy sampled 3 clients (out of 3)
[2025-03-22 16:29:30,730][flwr][DEBUG] - fit_round 29 received 3 results and 0 failures
[2025-03-22 16:29:36,645][flwr][INFO] - fit progress: (29, 0.7853555348184375, {'iou': [0.3068664279553009, 0.24026661440305866, 0.18693578750768472], 'dice': [0.46961841548710553, 0.3869333052197888, 0.3126059847173411], 'loss': [0.6829549074172974, 0.7826784451802572, 0.8904332518577576]}, 1287.0527411229996)
[2025-03-22 16:29:36,646][flwr][DEBUG] - evaluate_round 29: strategy sampled 3 clients (out of 3)
[2025-03-22 16:29:41,928][flwr][DEBUG] - evaluate_round 29 received 3 results and 0 failures
[2025-03-22 16:29:41,928][flwr][DEBUG] - fit_round 30: strategy sampled 3 clients (out of 3)
[2025-03-22 16:30:15,126][flwr][DEBUG] - fit_round 30 received 3 results and 0 failures
[2025-03-22 16:30:21,325][flwr][INFO] - fit progress: (30, 0.7736546463436551, {'iou': [0.3107133867848564, 0.24145279886064788, 0.1988278406522652], 'dice': [0.4739761552853549, 0.388649128453586, 0.328586845729896], 'loss': [0.6832461357116699, 0.7643560965855917, 0.8733617067337036]}, 1331.7330291009994)
[2025-03-22 16:30:21,326][flwr][DEBUG] - evaluate_round 30: strategy sampled 3 clients (out of 3)
[2025-03-22 16:30:26,637][flwr][DEBUG] - evaluate_round 30 received 3 results and 0 failures
[2025-03-22 16:30:26,638][flwr][DEBUG] - fit_round 31: strategy sampled 3 clients (out of 3)
[2025-03-22 16:30:59,794][flwr][DEBUG] - fit_round 31 received 3 results and 0 failures
[2025-03-22 16:31:06,233][flwr][INFO] - fit progress: (31, 0.753806683752272, {'iou': [0.32371265876412775, 0.24374410532807067, 0.20780078122628975], 'dice': [0.48905582015126403, 0.3918544995916858, 0.3431317402633072], 'loss': [0.664565642674764, 0.7528380950291952, 0.8440163135528564]}, 1376.6407862999995)
[2025-03-22 16:31:06,233][flwr][DEBUG] - evaluate_round 31: strategy sampled 3 clients (out of 3)
[2025-03-22 16:31:11,600][flwr][DEBUG] - evaluate_round 31 received 3 results and 0 failures
[2025-03-22 16:31:11,601][flwr][DEBUG] - fit_round 32: strategy sampled 3 clients (out of 3)
[2025-03-22 16:31:44,688][flwr][DEBUG] - fit_round 32 received 3 results and 0 failures
[2025-03-22 16:31:50,869][flwr][INFO] - fit progress: (32, 0.7292479938930936, {'iou': [0.3278065516937385, 0.2361872757476103, 0.2225432646384745], 'dice': [0.49334371165324997, 0.3811515952817653, 0.3616819519150955], 'loss': [0.6438764532407125, 0.7348309556643168, 0.8090365727742513]}, 1421.2773584569995)
[2025-03-22 16:31:50,870][flwr][DEBUG] - evaluate_round 32: strategy sampled 3 clients (out of 3)
[2025-03-22 16:31:56,280][flwr][DEBUG] - evaluate_round 32 received 3 results and 0 failures
[2025-03-22 16:31:56,280][flwr][DEBUG] - fit_round 33: strategy sampled 3 clients (out of 3)
[2025-03-22 16:32:29,766][flwr][DEBUG] - fit_round 33 received 3 results and 0 failures
[2025-03-22 16:32:35,841][flwr][INFO] - fit progress: (33, 0.7246915962960986, {'iou': [0.34155186480128646, 0.22501971216496763, 0.23162903597148812], 'dice': [0.5091808969514986, 0.3666520313634094, 0.3750105110525208], 'loss': [0.6206719477971395, 0.7429740826288859, 0.8104287584622701]}, 1466.2492259309993)
[2025-03-22 16:32:35,842][flwr][DEBUG] - evaluate_round 33: strategy sampled 3 clients (out of 3)
[2025-03-22 16:32:41,452][flwr][DEBUG] - evaluate_round 33 received 3 results and 0 failures
[2025-03-22 16:32:41,453][flwr][DEBUG] - fit_round 34: strategy sampled 3 clients (out of 3)
[2025-03-22 16:33:14,505][flwr][DEBUG] - fit_round 34 received 3 results and 0 failures
[2025-03-22 16:33:19,860][flwr][INFO] - fit progress: (34, 0.7038274473614163, {'iou': [0.3483025681851126, 0.2577816727537396, 0.2533103608209071], 'dice': [0.5129520551718549, 0.408888154479071, 0.40163040668216343], 'loss': [0.61672971645991, 0.7108770807584127, 0.7838755448659261]}, 1510.2677973769996)
[2025-03-22 16:33:19,861][flwr][DEBUG] - evaluate_round 34: strategy sampled 3 clients (out of 3)
[2025-03-22 16:33:25,985][flwr][DEBUG] - evaluate_round 34 received 3 results and 0 failures
[2025-03-22 16:33:25,986][flwr][DEBUG] - fit_round 35: strategy sampled 3 clients (out of 3)
[2025-03-22 16:33:59,446][flwr][DEBUG] - fit_round 35 received 3 results and 0 failures
[2025-03-22 16:34:04,458][flwr][INFO] - fit progress: (35, 0.6998967197206286, {'iou': [0.3691532067042458, 0.2877994206823873, 0.24348922322926522], 'dice': [0.5382770211566085, 0.4466073471102671, 0.38950308104353687], 'loss': [0.5996920863787333, 0.7019444306691488, 0.7980536421140035]}, 1554.8655648719996)
[2025-03-22 16:34:04,459][flwr][DEBUG] - evaluate_round 35: strategy sampled 3 clients (out of 3)
[2025-03-22 16:34:10,919][flwr][DEBUG] - evaluate_round 35 received 3 results and 0 failures
[2025-03-22 16:34:10,920][flwr][DEBUG] - fit_round 36: strategy sampled 3 clients (out of 3)
[2025-03-22 16:34:44,202][flwr][DEBUG] - fit_round 36 received 3 results and 0 failures
[2025-03-22 16:34:48,599][flwr][INFO] - fit progress: (36, 0.6771621836556329, {'iou': [0.3458318481353266, 0.2567525854293312, 0.27693713052440644], 'dice': [0.5119283191164637, 0.40554530849584935, 0.4304144885789345], 'loss': [0.5822152694066366, 0.7035396496454874, 0.7457316319147745]}, 1599.007326426)
[2025-03-22 16:34:48,600][flwr][DEBUG] - evaluate_round 36: strategy sampled 3 clients (out of 3)
[2025-03-22 16:34:55,658][flwr][DEBUG] - evaluate_round 36 received 3 results and 0 failures
[2025-03-22 16:34:55,661][flwr][DEBUG] - fit_round 37: strategy sampled 3 clients (out of 3)
[2025-03-22 16:35:29,050][flwr][DEBUG] - fit_round 37 received 3 results and 0 failures
[2025-03-22 16:35:33,529][flwr][INFO] - fit progress: (37, 0.6662715077400208, {'iou': [0.3788125784772111, 0.2530570651426342, 0.2804726063141322], 'dice': [0.5465151120377477, 0.3932994586867323, 0.4360153431021338], 'loss': [0.5583480397860209, 0.6954348285992941, 0.7450316548347473]}, 1643.9368497469995)
[2025-03-22 16:35:33,530][flwr][DEBUG] - evaluate_round 37: strategy sampled 3 clients (out of 3)
[2025-03-22 16:35:40,841][flwr][DEBUG] - evaluate_round 37 received 3 results and 0 failures
[2025-03-22 16:35:40,842][flwr][DEBUG] - fit_round 38: strategy sampled 3 clients (out of 3)
[2025-03-22 16:36:14,096][flwr][DEBUG] - fit_round 38 received 3 results and 0 failures
[2025-03-22 16:36:18,425][flwr][INFO] - fit progress: (38, 0.6394938793447283, {'iou': [0.3914971654690049, 0.3190692457596489, 0.2974773608732613], 'dice': [0.5588032185858954, 0.4820261560741157, 0.4553965340430987], 'loss': [0.5506893694400787, 0.6429804563522339, 0.7248118122418722]}, 1688.8333629789995)
[2025-03-22 16:36:18,426][flwr][DEBUG] - evaluate_round 38: strategy sampled 3 clients (out of 3)
[2025-03-22 16:36:25,612][flwr][DEBUG] - evaluate_round 38 received 3 results and 0 failures
[2025-03-22 16:36:25,612][flwr][DEBUG] - fit_round 39: strategy sampled 3 clients (out of 3)
[2025-03-22 16:36:58,782][flwr][DEBUG] - fit_round 39 received 3 results and 0 failures
[2025-03-22 16:37:03,281][flwr][INFO] - fit progress: (39, 0.6302143169773949, {'iou': [0.3690483108113896, 0.3272346556463713, 0.3172153668016679], 'dice': [0.5365240405014261, 0.49179202055814536, 0.4748453727466842], 'loss': [0.5469223161538442, 0.6261184414227804, 0.7176021933555603]}, 1733.689294846)
[2025-03-22 16:37:03,283][flwr][DEBUG] - evaluate_round 39: strategy sampled 3 clients (out of 3)
[2025-03-22 16:37:10,413][flwr][DEBUG] - evaluate_round 39 received 3 results and 0 failures
[2025-03-22 16:37:10,414][flwr][DEBUG] - fit_round 40: strategy sampled 3 clients (out of 3)
[2025-03-22 16:37:43,605][flwr][DEBUG] - fit_round 40 received 3 results and 0 failures
[2025-03-22 16:37:48,055][flwr][INFO] - fit progress: (40, 0.6227530241012573, {'iou': [0.38853534644740434, 0.32365684102611536, 0.32363342005470325], 'dice': [0.5574219422843129, 0.48685408182130124, 0.4834875141782146], 'loss': [0.5179210901260376, 0.6349069873491923, 0.7154309948285421]}, 1778.4635210629995)
[2025-03-22 16:37:48,056][flwr][DEBUG] - evaluate_round 40: strategy sampled 3 clients (out of 3)
[2025-03-22 16:37:55,309][flwr][DEBUG] - evaluate_round 40 received 3 results and 0 failures
[2025-03-22 16:37:55,310][flwr][DEBUG] - fit_round 41: strategy sampled 3 clients (out of 3)
[2025-03-22 16:38:29,062][flwr][DEBUG] - fit_round 41 received 3 results and 0 failures
[2025-03-22 16:38:33,534][flwr][INFO] - fit progress: (41, 0.6037783357832166, {'iou': [0.43504459039102955, 0.36806693357915193, 0.33190069312981035], 'dice': [0.6013047799555795, 0.5373762427894404, 0.4915907740519911], 'loss': [0.493984858194987, 0.6142119963963827, 0.7031381527582804]}, 1823.9418251519992)
[2025-03-22 16:38:33,534][flwr][DEBUG] - evaluate_round 41: strategy sampled 3 clients (out of 3)
[2025-03-22 16:38:40,840][flwr][DEBUG] - evaluate_round 41 received 3 results and 0 failures
[2025-03-22 16:38:40,842][flwr][DEBUG] - fit_round 42: strategy sampled 3 clients (out of 3)
[2025-03-22 16:39:14,423][flwr][DEBUG] - fit_round 42 received 3 results and 0 failures
[2025-03-22 16:39:18,873][flwr][INFO] - fit progress: (42, 0.5916521582338544, {'iou': [0.42654778496232176, 0.3516786065971132, 0.3487116272460223], 'dice': [0.5938823199673213, 0.5194418743505852, 0.5160178931803964], 'loss': [0.48664215207099915, 0.6012998024622599, 0.6870145201683044]}, 1869.2808134019997)
[2025-03-22 16:39:18,874][flwr][DEBUG] - evaluate_round 42: strategy sampled 3 clients (out of 3)
[2025-03-22 16:39:25,589][flwr][DEBUG] - evaluate_round 42 received 3 results and 0 failures
[2025-03-22 16:39:25,591][flwr][DEBUG] - fit_round 43: strategy sampled 3 clients (out of 3)
[2025-03-22 16:39:59,594][flwr][DEBUG] - fit_round 43 received 3 results and 0 failures
[2025-03-22 16:40:03,975][flwr][INFO] - fit progress: (43, 0.5681646333800422, {'iou': [0.4268485251832413, 0.4031263212258966, 0.358732041929455], 'dice': [0.5939302325580754, 0.5729097030922964, 0.5252570057171598], 'loss': [0.47800637284914654, 0.5679900745550791, 0.6584974527359009]}, 1914.3832848809998)
[2025-03-22 16:40:03,976][flwr][DEBUG] - evaluate_round 43: strategy sampled 3 clients (out of 3)
[2025-03-22 16:40:10,469][flwr][DEBUG] - evaluate_round 43 received 3 results and 0 failures
[2025-03-22 16:40:10,470][flwr][DEBUG] - fit_round 44: strategy sampled 3 clients (out of 3)
[2025-03-22 16:40:44,929][flwr][DEBUG] - fit_round 44 received 3 results and 0 failures
[2025-03-22 16:40:49,419][flwr][INFO] - fit progress: (44, 0.5444396800465054, {'iou': [0.44701657599445194, 0.4467729846070057, 0.3795078958685858], 'dice': [0.6141738466211538, 0.6152681761010776, 0.54569048423908], 'loss': [0.462503582239151, 0.5433594882488251, 0.6274559696515402]}, 1959.8269570759994)
[2025-03-22 16:40:49,420][flwr][DEBUG] - evaluate_round 44: strategy sampled 3 clients (out of 3)
[2025-03-22 16:40:55,555][flwr][DEBUG] - evaluate_round 44 received 3 results and 0 failures
[2025-03-22 16:40:55,556][flwr][DEBUG] - fit_round 45: strategy sampled 3 clients (out of 3)
[2025-03-22 16:41:30,497][flwr][DEBUG] - fit_round 45 received 3 results and 0 failures
[2025-03-22 16:41:34,909][flwr][INFO] - fit progress: (45, 0.5240293045838674, {'iou': [0.4914514164542198, 0.4279188024314131, 0.41722718493145755], 'dice': [0.6478028324163903, 0.5978369020765072, 0.5788747661464715], 'loss': [0.43586573004722595, 0.5370102922121683, 0.5992118914922079]}, 2005.3167499309993)
[2025-03-22 16:41:34,910][flwr][DEBUG] - evaluate_round 45: strategy sampled 3 clients (out of 3)
[2025-03-22 16:41:40,789][flwr][DEBUG] - evaluate_round 45 received 3 results and 0 failures
[2025-03-22 16:41:40,790][flwr][DEBUG] - fit_round 46: strategy sampled 3 clients (out of 3)
[2025-03-22 16:42:15,973][flwr][DEBUG] - fit_round 46 received 3 results and 0 failures
[2025-03-22 16:42:20,452][flwr][INFO] - fit progress: (46, 0.5300582415527768, {'iou': [0.481668952440506, 0.41015039547042803, 0.41470195449744923], 'dice': [0.6468013661788934, 0.5799480192779723, 0.5753743461242543], 'loss': [0.4301362733046214, 0.5470690925916036, 0.6129693587621053]}, 2050.8598786169996)
[2025-03-22 16:42:20,453][flwr][DEBUG] - evaluate_round 46: strategy sampled 3 clients (out of 3)
[2025-03-22 16:42:26,194][flwr][DEBUG] - evaluate_round 46 received 3 results and 0 failures
[2025-03-22 16:42:26,194][flwr][DEBUG] - fit_round 47: strategy sampled 3 clients (out of 3)
[2025-03-22 16:43:00,619][flwr][DEBUG] - fit_round 47 received 3 results and 0 failures
[2025-03-22 16:43:05,302][flwr][INFO] - fit progress: (47, 0.4894143078062269, {'iou': [0.5489228404058699, 0.42399377700120716, 0.4310797461581937], 'dice': [0.7030737366945808, 0.5934179383214703, 0.6004830827136894], 'loss': [0.39179787039756775, 0.5180520713329315, 0.5583929816881815]}, 2095.709992618)
[2025-03-22 16:43:05,303][flwr][DEBUG] - evaluate_round 47: strategy sampled 3 clients (out of 3)
[2025-03-22 16:43:10,671][flwr][DEBUG] - evaluate_round 47 received 3 results and 0 failures
[2025-03-22 16:43:10,672][flwr][DEBUG] - fit_round 48: strategy sampled 3 clients (out of 3)
[2025-03-22 16:43:45,795][flwr][DEBUG] - fit_round 48 received 3 results and 0 failures
[2025-03-22 16:43:50,713][flwr][INFO] - fit progress: (48, 0.48750490281316966, {'iou': [0.5308626539911396, 0.4590239356556878, 0.4719830149859379], 'dice': [0.6835246004010859, 0.6253141513235243, 0.6306115879184855], 'loss': [0.3980836669603984, 0.5174417595068613, 0.5469892819722494]}, 2141.1209597179995)
[2025-03-22 16:43:50,714][flwr][DEBUG] - evaluate_round 48: strategy sampled 3 clients (out of 3)
[2025-03-22 16:43:56,154][flwr][DEBUG] - evaluate_round 48 received 3 results and 0 failures
[2025-03-22 16:43:56,155][flwr][DEBUG] - fit_round 49: strategy sampled 3 clients (out of 3)
[2025-03-22 16:44:30,663][flwr][DEBUG] - fit_round 49 received 3 results and 0 failures
[2025-03-22 16:44:36,139][flwr][INFO] - fit progress: (49, 0.4748630854818556, {'iou': [0.5988985067901988, 0.40521812324550766, 0.4929011231959637], 'dice': [0.7462230330343894, 0.5709319591364183, 0.6505807523418858], 'loss': [0.3625265061855316, 0.5316669444243113, 0.5303958058357239]}, 2186.5470563339995)
[2025-03-22 16:44:36,140][flwr][DEBUG] - evaluate_round 49: strategy sampled 3 clients (out of 3)
[2025-03-22 16:44:41,620][flwr][DEBUG] - evaluate_round 49 received 3 results and 0 failures
[2025-03-22 16:44:41,621][flwr][DEBUG] - fit_round 50: strategy sampled 3 clients (out of 3)
[2025-03-22 16:45:16,011][flwr][DEBUG] - fit_round 50 received 3 results and 0 failures
[2025-03-22 16:45:21,849][flwr][INFO] - fit progress: (50, 0.47447257902887136, {'iou': [0.5603929931036246, 0.45964441512884635, 0.4625871869865994], 'dice': [0.7142399469254174, 0.6280703326568081, 0.6265647665692391], 'loss': [0.3835138479868571, 0.5058548351128896, 0.5340490539868673]}, 2232.2570754539993)
[2025-03-22 16:45:21,850][flwr][DEBUG] - evaluate_round 50: strategy sampled 3 clients (out of 3)
[2025-03-22 16:45:27,137][flwr][DEBUG] - evaluate_round 50 received 3 results and 0 failures
[2025-03-22 16:45:27,138][flwr][DEBUG] - fit_round 51: strategy sampled 3 clients (out of 3)
[2025-03-22 16:46:00,633][flwr][DEBUG] - fit_round 51 received 3 results and 0 failures
[2025-03-22 16:46:06,816][flwr][INFO] - fit progress: (51, 0.4571244087484148, {'iou': [0.5464117891186882, 0.5064627437312481, 0.4654070421676118], 'dice': [0.7028764285235306, 0.669416826563571, 0.6262948719862284], 'loss': [0.37401823202768963, 0.4626767635345459, 0.5346782306830088]}, 2277.2238078319997)
[2025-03-22 16:46:06,817][flwr][DEBUG] - evaluate_round 51: strategy sampled 3 clients (out of 3)
[2025-03-22 16:46:12,146][flwr][DEBUG] - evaluate_round 51 received 3 results and 0 failures
[2025-03-22 16:46:12,147][flwr][DEBUG] - fit_round 52: strategy sampled 3 clients (out of 3)
[2025-03-22 16:46:45,740][flwr][DEBUG] - fit_round 52 received 3 results and 0 failures
[2025-03-22 16:46:52,097][flwr][INFO] - fit progress: (52, 0.4367562747663922, {'iou': [0.5786970559177991, 0.53897438585502, 0.5174566970645428], 'dice': [0.728037030215393, 0.6975269112015653, 0.6756061482778977], 'loss': [0.3520828038454056, 0.44775618116060895, 0.510429839293162]}, 2322.5046167949995)
[2025-03-22 16:46:52,097][flwr][DEBUG] - evaluate_round 52: strategy sampled 3 clients (out of 3)
[2025-03-22 16:46:57,598][flwr][DEBUG] - evaluate_round 52 received 3 results and 0 failures
[2025-03-22 16:46:57,599][flwr][DEBUG] - fit_round 53: strategy sampled 3 clients (out of 3)
[2025-03-22 16:47:30,925][flwr][DEBUG] - fit_round 53 received 3 results and 0 failures
[2025-03-22 16:47:37,396][flwr][INFO] - fit progress: (53, 0.4330317361487282, {'iou': [0.5797616470122461, 0.5223932096804818, 0.5167778386065212], 'dice': [0.7289351777981542, 0.68351293316861, 0.6711421235380982], 'loss': [0.35297108193238574, 0.44681867957115173, 0.4993054469426473]}, 2367.8035401839998)
[2025-03-22 16:47:37,397][flwr][DEBUG] - evaluate_round 53: strategy sampled 3 clients (out of 3)
[2025-03-22 16:47:42,670][flwr][DEBUG] - evaluate_round 53 received 3 results and 0 failures
[2025-03-22 16:47:42,671][flwr][DEBUG] - fit_round 54: strategy sampled 3 clients (out of 3)
[2025-03-22 16:48:16,080][flwr][DEBUG] - fit_round 54 received 3 results and 0 failures
[2025-03-22 16:48:21,986][flwr][INFO] - fit progress: (54, 0.4140695697731442, {'iou': [0.5827280507255974, 0.5263486932864986, 0.551236595202972], 'dice': [0.7324037432321141, 0.6878878824654121, 0.6994677315219903], 'loss': [0.3448374668757121, 0.4327751298745473, 0.46459611256917316]}, 2412.393639727)
[2025-03-22 16:48:21,986][flwr][DEBUG] - evaluate_round 54: strategy sampled 3 clients (out of 3)
[2025-03-22 16:48:27,936][flwr][DEBUG] - evaluate_round 54 received 3 results and 0 failures
[2025-03-22 16:48:27,936][flwr][DEBUG] - fit_round 55: strategy sampled 3 clients (out of 3)
[2025-03-22 16:49:01,441][flwr][DEBUG] - fit_round 55 received 3 results and 0 failures
[2025-03-22 16:49:06,955][flwr][INFO] - fit progress: (55, 0.4212852368752162, {'iou': [0.5840756807598164, 0.5180931658971549, 0.5530291234568], 'dice': [0.7344145858673916, 0.6802160823590134, 0.699018629018961], 'loss': [0.3399187574783961, 0.4571175177892049, 0.4668194353580475]}, 2457.362704794)
[2025-03-22 16:49:06,956][flwr][DEBUG] - evaluate_round 55: strategy sampled 3 clients (out of 3)
[2025-03-22 16:49:13,077][flwr][DEBUG] - evaluate_round 55 received 3 results and 0 failures
[2025-03-22 16:49:13,077][flwr][DEBUG] - fit_round 56: strategy sampled 3 clients (out of 3)
[2025-03-22 16:49:47,091][flwr][DEBUG] - fit_round 56 received 3 results and 0 failures
[2025-03-22 16:49:53,115][flwr][INFO] - fit progress: (56, 0.4110063463449478, {'iou': [0.6235703653024209, 0.528877745078713, 0.5056244562719967], 'dice': [0.7664916510427989, 0.6904098391964881, 0.656254810484539], 'loss': [0.3182510981957118, 0.4379979868729909, 0.47676995396614075]}, 2503.5225769379995)
[2025-03-22 16:49:53,116][flwr][DEBUG] - evaluate_round 56: strategy sampled 3 clients (out of 3)
[2025-03-22 16:49:59,026][flwr][DEBUG] - evaluate_round 56 received 3 results and 0 failures
[2025-03-22 16:49:59,027][flwr][DEBUG] - fit_round 57: strategy sampled 3 clients (out of 3)
[2025-03-22 16:50:33,945][flwr][DEBUG] - fit_round 57 received 3 results and 0 failures
[2025-03-22 16:50:40,869][flwr][INFO] - fit progress: (57, 0.41554737256632907, {'iou': [0.6383729749485831, 0.5011667044120754, 0.5175260157575161], 'dice': [0.7752856912387637, 0.6667367830222425, 0.666742256514143], 'loss': [0.3104289223750432, 0.4642408589522044, 0.4719723363717397]}, 2551.2774175719996)
[2025-03-22 16:50:40,870][flwr][DEBUG] - evaluate_round 57: strategy sampled 3 clients (out of 3)
[2025-03-22 16:50:46,471][flwr][DEBUG] - evaluate_round 57 received 3 results and 0 failures
[2025-03-22 16:50:46,472][flwr][DEBUG] - fit_round 58: strategy sampled 3 clients (out of 3)
[2025-03-22 16:51:21,801][flwr][DEBUG] - fit_round 58 received 3 results and 0 failures
[2025-03-22 16:51:28,380][flwr][INFO] - fit progress: (58, 0.4191885491212209, {'iou': [0.6084121095775662, 0.5141284978892352, 0.5157727868423672], 'dice': [0.7534180125041953, 0.6767257763698945, 0.6639929237565815], 'loss': [0.3175103962421417, 0.4556233286857605, 0.4844319224357605]}, 2598.788302389)
[2025-03-22 16:51:28,381][flwr][DEBUG] - evaluate_round 58: strategy sampled 3 clients (out of 3)
[2025-03-22 16:51:34,065][flwr][DEBUG] - evaluate_round 58 received 3 results and 0 failures
[2025-03-22 16:51:34,066][flwr][DEBUG] - fit_round 59: strategy sampled 3 clients (out of 3)
[2025-03-22 16:52:10,186][flwr][DEBUG] - fit_round 59 received 3 results and 0 failures
[2025-03-22 16:52:15,934][flwr][INFO] - fit progress: (59, 0.4031060950623618, {'iou': [0.621146630544511, 0.47838156280116945, 0.5561422715833267], 'dice': [0.7625104342613369, 0.6414249318906813, 0.6988032560579563], 'loss': [0.31856829424699146, 0.44697842995325726, 0.44377156098683673]}, 2646.34192971)
[2025-03-22 16:52:15,935][flwr][DEBUG] - evaluate_round 59: strategy sampled 3 clients (out of 3)
[2025-03-22 16:52:21,530][flwr][DEBUG] - evaluate_round 59 received 3 results and 0 failures
[2025-03-22 16:52:21,531][flwr][DEBUG] - fit_round 60: strategy sampled 3 clients (out of 3)
[2025-03-22 16:52:58,446][flwr][DEBUG] - fit_round 60 received 3 results and 0 failures
[2025-03-22 16:53:03,577][flwr][INFO] - fit progress: (60, 0.3827687071429358, {'iou': [0.6522015074518087, 0.525522438469418, 0.5490557921311567], 'dice': [0.7868881281093998, 0.6849889951566593, 0.6942362398750644], 'loss': [0.2999279797077179, 0.40305957198143005, 0.4453185697396596]}, 2693.9849973419996)
[2025-03-22 16:53:03,578][flwr][DEBUG] - evaluate_round 60: strategy sampled 3 clients (out of 3)
[2025-03-22 16:53:09,317][flwr][DEBUG] - evaluate_round 60 received 3 results and 0 failures
[2025-03-22 16:53:09,318][flwr][DEBUG] - fit_round 61: strategy sampled 3 clients (out of 3)
[2025-03-22 16:53:46,817][flwr][DEBUG] - fit_round 61 received 3 results and 0 failures
[2025-03-22 16:53:51,481][flwr][INFO] - fit progress: (61, 0.3803665356503593, {'iou': [0.6445075478445138, 0.5193816273445211, 0.5747254914069949], 'dice': [0.7802492197980726, 0.6823150142320115, 0.7170865724405598], 'loss': [0.2973461300134659, 0.41633407274882, 0.42741940418879193]}, 2741.888995959999)
[2025-03-22 16:53:51,482][flwr][DEBUG] - evaluate_round 61: strategy sampled 3 clients (out of 3)
[2025-03-22 16:53:57,807][flwr][DEBUG] - evaluate_round 61 received 3 results and 0 failures
[2025-03-22 16:53:57,808][flwr][DEBUG] - fit_round 62: strategy sampled 3 clients (out of 3)
[2025-03-22 16:54:34,860][flwr][DEBUG] - fit_round 62 received 3 results and 0 failures
[2025-03-22 16:54:39,496][flwr][INFO] - fit progress: (62, 0.39430895116594106, {'iou': [0.6135873891218742, 0.5367521839579216, 0.5523436235537268], 'dice': [0.7576195740419132, 0.6966636860505737, 0.6915930331728064], 'loss': [0.3089051644007365, 0.4347666601339976, 0.439255028963089]}, 2789.9037326439993)
[2025-03-22 16:54:39,496][flwr][DEBUG] - evaluate_round 62: strategy sampled 3 clients (out of 3)
[2025-03-22 16:54:46,491][flwr][DEBUG] - evaluate_round 62 received 3 results and 0 failures
[2025-03-22 16:54:46,492][flwr][DEBUG] - fit_round 63: strategy sampled 3 clients (out of 3)
[2025-03-22 16:55:22,570][flwr][DEBUG] - fit_round 63 received 3 results and 0 failures
[2025-03-22 16:55:27,329][flwr][INFO] - fit progress: (63, 0.3847140736050076, {'iou': [0.6791315857200716, 0.4331520093862565, 0.5821762099177021], 'dice': [0.8077010424460425, 0.5985715521442635, 0.7239800683124017], 'loss': [0.279805729786555, 0.4508335491021474, 0.4235029419263204]}, 2837.7371825359996)
[2025-03-22 16:55:27,330][flwr][DEBUG] - evaluate_round 63: strategy sampled 3 clients (out of 3)
[2025-03-22 16:55:34,801][flwr][DEBUG] - evaluate_round 63 received 3 results and 0 failures
[2025-03-22 16:55:34,802][flwr][DEBUG] - fit_round 64: strategy sampled 3 clients (out of 3)
[2025-03-22 16:56:10,246][flwr][DEBUG] - fit_round 64 received 3 results and 0 failures
[2025-03-22 16:56:15,406][flwr][INFO] - fit progress: (64, 0.37847722073396045, {'iou': [0.6602792531019493, 0.5490965233493171, 0.5680536356376376], 'dice': [0.7929362239267187, 0.7069974392690259, 0.7112865440235434], 'loss': [0.28287260234355927, 0.4176006515820821, 0.43495840827624005]}, 2885.814249274)
[2025-03-22 16:56:15,407][flwr][DEBUG] - evaluate_round 64: strategy sampled 3 clients (out of 3)
[2025-03-22 16:56:22,423][flwr][DEBUG] - evaluate_round 64 received 3 results and 0 failures
[2025-03-22 16:56:22,424][flwr][DEBUG] - fit_round 65: strategy sampled 3 clients (out of 3)
[2025-03-22 16:56:57,868][flwr][DEBUG] - fit_round 65 received 3 results and 0 failures
[2025-03-22 16:57:04,503][flwr][INFO] - fit progress: (65, 0.3757780922783745, {'iou': [0.618414226027972, 0.5649319403541381, 0.580328991617443], 'dice': [0.7580381049814479, 0.7200281595378133, 0.7206374389471684], 'loss': [0.29713474710782367, 0.4048061966896057, 0.4253933330376943]}, 2934.9107320939993)
[2025-03-22 16:57:04,506][flwr][DEBUG] - evaluate_round 65: strategy sampled 3 clients (out of 3)
[2025-03-22 16:57:10,302][flwr][DEBUG] - evaluate_round 65 received 3 results and 0 failures
[2025-03-22 16:57:10,303][flwr][DEBUG] - fit_round 66: strategy sampled 3 clients (out of 3)
[2025-03-22 16:57:45,060][flwr][DEBUG] - fit_round 66 received 3 results and 0 failures
[2025-03-22 16:57:51,344][flwr][INFO] - fit progress: (66, 0.3566951685481601, {'iou': [0.6738008159219383, 0.5758701946182598, 0.5452762535220982], 'dice': [0.8020627549090493, 0.7298724025529214, 0.6924209517164251], 'loss': [0.2700438400109609, 0.3790850043296814, 0.4209566613038381]}, 2981.751837948)
[2025-03-22 16:57:51,344][flwr][DEBUG] - evaluate_round 66: strategy sampled 3 clients (out of 3)
[2025-03-22 16:57:56,772][flwr][DEBUG] - evaluate_round 66 received 3 results and 0 failures
[2025-03-22 16:57:56,773][flwr][DEBUG] - fit_round 67: strategy sampled 3 clients (out of 3)
[2025-03-22 16:58:30,548][flwr][DEBUG] - fit_round 67 received 3 results and 0 failures
[2025-03-22 16:58:36,942][flwr][INFO] - fit progress: (67, 0.3629420929484897, {'iou': [0.6585454703378661, 0.4861764491320499, 0.6217931910831554], 'dice': [0.7914721259606384, 0.6413654448322866, 0.757915729842186], 'loss': [0.27323771516482037, 0.4119863112767537, 0.4036022524038951]}, 3027.3500032889997)
[2025-03-22 16:58:36,943][flwr][DEBUG] - evaluate_round 67: strategy sampled 3 clients (out of 3)
[2025-03-22 16:58:42,366][flwr][DEBUG] - evaluate_round 67 received 3 results and 0 failures
[2025-03-22 16:58:42,367][flwr][DEBUG] - fit_round 68: strategy sampled 3 clients (out of 3)
[2025-03-22 16:59:16,032][flwr][DEBUG] - fit_round 68 received 3 results and 0 failures
[2025-03-22 16:59:22,426][flwr][INFO] - fit progress: (68, 0.3415493369102478, {'iou': [0.683329368189386, 0.5810455169475012, 0.6156413966242794], 'dice': [0.8091361801797463, 0.7334371702740518, 0.7497271522900301], 'loss': [0.26133666435877484, 0.37744420766830444, 0.3858671387036641]}, 3072.8335653879994)
[2025-03-22 16:59:22,426][flwr][DEBUG] - evaluate_round 68: strategy sampled 3 clients (out of 3)
[2025-03-22 16:59:27,877][flwr][DEBUG] - evaluate_round 68 received 3 results and 0 failures
[2025-03-22 16:59:27,878][flwr][DEBUG] - fit_round 69: strategy sampled 3 clients (out of 3)
[2025-03-22 17:00:01,773][flwr][DEBUG] - fit_round 69 received 3 results and 0 failures
[2025-03-22 17:00:08,071][flwr][INFO] - fit progress: (69, 0.3566321498817868, {'iou': [0.6773791718462965, 0.5360360672707177, 0.5771713822720819], 'dice': [0.8050968970108867, 0.6951968729228147, 0.7156457269328732], 'loss': [0.2550179163614909, 0.40373573700586957, 0.4111427962779999]}, 3118.4788636469993)
[2025-03-22 17:00:08,071][flwr][DEBUG] - evaluate_round 69: strategy sampled 3 clients (out of 3)
[2025-03-22 17:00:13,587][flwr][DEBUG] - evaluate_round 69 received 3 results and 0 failures
[2025-03-22 17:00:13,588][flwr][DEBUG] - fit_round 70: strategy sampled 3 clients (out of 3)
[2025-03-22 17:00:47,705][flwr][DEBUG] - fit_round 70 received 3 results and 0 failures
[2025-03-22 17:00:53,644][flwr][INFO] - fit progress: (70, 0.32711704737610287, {'iou': [0.7024292278951946, 0.5753975256960049, 0.6257008907187807], 'dice': [0.8223224617278039, 0.7287846260890071, 0.7615722600706561], 'loss': [0.23734294871489206, 0.3679280678431193, 0.37608012557029724]}, 3164.0515753809996)
[2025-03-22 17:00:53,644][flwr][DEBUG] - evaluate_round 70: strategy sampled 3 clients (out of 3)
[2025-03-22 17:00:58,891][flwr][DEBUG] - evaluate_round 70 received 3 results and 0 failures
[2025-03-22 17:00:58,893][flwr][DEBUG] - fit_round 71: strategy sampled 3 clients (out of 3)
[2025-03-22 17:01:32,931][flwr][DEBUG] - fit_round 71 received 3 results and 0 failures
[2025-03-22 17:01:38,632][flwr][INFO] - fit progress: (71, 0.3305263900094562, {'iou': [0.6842864482591349, 0.599721630184021, 0.6187611163135196], 'dice': [0.8089087265984766, 0.7487157367324984, 0.7567664734775703], 'loss': [0.25892412662506104, 0.3597138474384944, 0.37294119596481323]}, 3209.0403949369993)
[2025-03-22 17:01:38,633][flwr][DEBUG] - evaluate_round 71: strategy sampled 3 clients (out of 3)
[2025-03-22 17:01:44,029][flwr][DEBUG] - evaluate_round 71 received 3 results and 0 failures
[2025-03-22 17:01:44,030][flwr][DEBUG] - fit_round 72: strategy sampled 3 clients (out of 3)
[2025-03-22 17:02:17,567][flwr][DEBUG] - fit_round 72 received 3 results and 0 failures
[2025-03-22 17:02:23,678][flwr][INFO] - fit progress: (72, 0.3136124975151486, {'iou': [0.6915336874389225, 0.5799952192179323, 0.6446173038062569], 'dice': [0.8125317801903295, 0.7326925468405631, 0.7736848918311509], 'loss': [0.235660453637441, 0.34997695684432983, 0.3552000820636749]}, 3254.085605445999)
[2025-03-22 17:02:23,678][flwr][DEBUG] - evaluate_round 72: strategy sampled 3 clients (out of 3)
[2025-03-22 17:02:29,183][flwr][DEBUG] - evaluate_round 72 received 3 results and 0 failures
[2025-03-22 17:02:29,184][flwr][DEBUG] - fit_round 73: strategy sampled 3 clients (out of 3)
[2025-03-22 17:03:03,195][flwr][DEBUG] - fit_round 73 received 3 results and 0 failures
[2025-03-22 17:03:09,019][flwr][INFO] - fit progress: (73, 0.3202724224991269, {'iou': [0.6912792068538599, 0.6088554061076413, 0.5928998001420087], 'dice': [0.8134526941807257, 0.7560561013754453, 0.7332375537714487], 'loss': [0.23996351659297943, 0.34896110991636914, 0.37189264098803204]}, 3299.426809213999)
[2025-03-22 17:03:09,019][flwr][DEBUG] - evaluate_round 73: strategy sampled 3 clients (out of 3)
[2025-03-22 17:03:14,440][flwr][DEBUG] - evaluate_round 73 received 3 results and 0 failures
[2025-03-22 17:03:14,441][flwr][DEBUG] - fit_round 74: strategy sampled 3 clients (out of 3)
[2025-03-22 17:03:48,353][flwr][DEBUG] - fit_round 74 received 3 results and 0 failures
[2025-03-22 17:03:54,295][flwr][INFO] - fit progress: (74, 0.3249987189968427, {'iou': [0.7369291178518974, 0.5910277180567921, 0.6256532226071577], 'dice': [0.846082324285756, 0.7405539912781686, 0.7575063640116263], 'loss': [0.22379314651091894, 0.3781694869200389, 0.3730335235595703]}, 3344.702593847999)
[2025-03-22 17:03:54,295][flwr][DEBUG] - evaluate_round 74: strategy sampled 3 clients (out of 3)
[2025-03-22 17:04:00,156][flwr][DEBUG] - evaluate_round 74 received 3 results and 0 failures
[2025-03-22 17:04:00,157][flwr][DEBUG] - fit_round 75: strategy sampled 3 clients (out of 3)
[2025-03-22 17:04:34,049][flwr][DEBUG] - fit_round 75 received 3 results and 0 failures
[2025-03-22 17:04:39,914][flwr][INFO] - fit progress: (75, 0.30950696352455354, {'iou': [0.7200978873342526, 0.6500815732901227, 0.6246987678729554], 'dice': [0.8344582099478965, 0.7829153908351049, 0.7578876253093799], 'loss': [0.23105827222267786, 0.3258181611696879, 0.37164445718129474]}, 3390.321671099)
[2025-03-22 17:04:39,914][flwr][DEBUG] - evaluate_round 75: strategy sampled 3 clients (out of 3)
[2025-03-22 17:04:45,245][flwr][DEBUG] - evaluate_round 75 received 3 results and 0 failures
[2025-03-22 17:04:45,245][flwr][DEBUG] - fit_round 76: strategy sampled 3 clients (out of 3)
[2025-03-22 17:05:18,589][flwr][DEBUG] - fit_round 76 received 3 results and 0 failures
[2025-03-22 17:05:24,484][flwr][INFO] - fit progress: (76, 0.30940423905849457, {'iou': [0.7172997842477962, 0.6408975067435569, 0.6665247458675719], 'dice': [0.8315044405017561, 0.7778157404840708, 0.7910798020325182], 'loss': [0.23094900449117026, 0.3386640300353368, 0.3585996826489766]}, 3434.8919418369996)
[2025-03-22 17:05:24,485][flwr][DEBUG] - evaluate_round 76: strategy sampled 3 clients (out of 3)
[2025-03-22 17:05:29,861][flwr][DEBUG] - evaluate_round 76 received 3 results and 0 failures
[2025-03-22 17:05:29,862][flwr][DEBUG] - fit_round 77: strategy sampled 3 clients (out of 3)
[2025-03-22 17:06:03,523][flwr][DEBUG] - fit_round 77 received 3 results and 0 failures
[2025-03-22 17:06:09,448][flwr][INFO] - fit progress: (77, 0.3312814740671052, {'iou': [0.7223889669431592, 0.439828786021304, 0.6463736604715506], 'dice': [0.8364850311839568, 0.5837627739661974, 0.7743411271149606], 'loss': [0.22479060540596643, 0.40393492579460144, 0.3651188910007477]}, 3479.8562647049994)
[2025-03-22 17:06:09,449][flwr][DEBUG] - evaluate_round 77: strategy sampled 3 clients (out of 3)
[2025-03-22 17:06:14,769][flwr][DEBUG] - evaluate_round 77 received 3 results and 0 failures
[2025-03-22 17:06:14,771][flwr][DEBUG] - fit_round 78: strategy sampled 3 clients (out of 3)
[2025-03-22 17:06:48,171][flwr][DEBUG] - fit_round 78 received 3 results and 0 failures
[2025-03-22 17:06:54,144][flwr][INFO] - fit progress: (78, 0.2991181156701512, {'iou': [0.7253100732355722, 0.533652813079194, 0.6832579597991745], 'dice': [0.8377477601085488, 0.6920981391073159, 0.8067493314305354], 'loss': [0.22383091102043787, 0.33866848548253375, 0.3348549505074819]}, 3524.5519883079996)
[2025-03-22 17:06:54,145][flwr][DEBUG] - evaluate_round 78: strategy sampled 3 clients (out of 3)
[2025-03-22 17:06:59,494][flwr][DEBUG] - evaluate_round 78 received 3 results and 0 failures
[2025-03-22 17:06:59,495][flwr][DEBUG] - fit_round 79: strategy sampled 3 clients (out of 3)
[2025-03-22 17:07:33,321][flwr][DEBUG] - fit_round 79 received 3 results and 0 failures
[2025-03-22 17:07:39,607][flwr][INFO] - fit progress: (79, 0.29620305945475894, {'iou': [0.7102165453149839, 0.6451046004150489, 0.6886270436984113], 'dice': [0.8256404958203021, 0.7832007680203538, 0.8084650394111802], 'loss': [0.22020254780848822, 0.33138374984264374, 0.33702288071314496]}, 3570.0146400919994)
[2025-03-22 17:07:39,607][flwr][DEBUG] - evaluate_round 79: strategy sampled 3 clients (out of 3)
[2025-03-22 17:07:45,060][flwr][DEBUG] - evaluate_round 79 received 3 results and 0 failures
[2025-03-22 17:07:45,061][flwr][DEBUG] - fit_round 80: strategy sampled 3 clients (out of 3)
[2025-03-22 17:08:18,569][flwr][DEBUG] - fit_round 80 received 3 results and 0 failures
[2025-03-22 17:08:24,883][flwr][INFO] - fit progress: (80, 0.3060149947802226, {'iou': [0.7027915398299518, 0.6575913259706313, 0.6209520042212653], 'dice': [0.8229085144052902, 0.7900459364953752, 0.7589246061709017], 'loss': [0.22741597394148508, 0.33214912315209705, 0.35847988724708557]}, 3615.2907939299994)
[2025-03-22 17:08:24,883][flwr][DEBUG] - evaluate_round 80: strategy sampled 3 clients (out of 3)
[2025-03-22 17:08:30,252][flwr][DEBUG] - evaluate_round 80 received 3 results and 0 failures
[2025-03-22 17:08:30,253][flwr][DEBUG] - fit_round 81: strategy sampled 3 clients (out of 3)
[2025-03-22 17:09:03,847][flwr][DEBUG] - fit_round 81 received 3 results and 0 failures
[2025-03-22 17:09:10,219][flwr][INFO] - fit progress: (81, 0.2926052659749985, {'iou': [0.6985790805408102, 0.6312833789630578, 0.6822823776079937], 'dice': [0.8187058737573958, 0.7725798514506662, 0.805207487612925], 'loss': [0.22323969503243765, 0.3238267699877421, 0.3307493329048157]}, 3660.6265304239996)
[2025-03-22 17:09:10,219][flwr][DEBUG] - evaluate_round 81: strategy sampled 3 clients (out of 3)
[2025-03-22 17:09:15,665][flwr][DEBUG] - evaluate_round 81 received 3 results and 0 failures
[2025-03-22 17:09:15,666][flwr][DEBUG] - fit_round 82: strategy sampled 3 clients (out of 3)
[2025-03-22 17:09:49,371][flwr][DEBUG] - fit_round 82 received 3 results and 0 failures
[2025-03-22 17:09:55,718][flwr][INFO] - fit progress: (82, 0.2950648069381714, {'iou': [0.7278488842626946, 0.5657867886299291, 0.6933017657027604], 'dice': [0.8399893293984647, 0.712221250503479, 0.8119980696368955], 'loss': [0.21494001150131226, 0.34336143732070923, 0.3268929719924927]}, 3706.1256710279995)
[2025-03-22 17:09:55,718][flwr][DEBUG] - evaluate_round 82: strategy sampled 3 clients (out of 3)
[2025-03-22 17:10:01,176][flwr][DEBUG] - evaluate_round 82 received 3 results and 0 failures
[2025-03-22 17:10:01,177][flwr][DEBUG] - fit_round 83: strategy sampled 3 clients (out of 3)
[2025-03-22 17:10:35,230][flwr][DEBUG] - fit_round 83 received 3 results and 0 failures
[2025-03-22 17:10:41,503][flwr][INFO] - fit progress: (83, 0.29673441499471664, {'iou': [0.7505428219147054, 0.6461964527661038, 0.6639160738958984], 'dice': [0.8553997407053965, 0.7830138083590003, 0.7889904173373328], 'loss': [0.20946281403303146, 0.3346717307964961, 0.3460687001546224]}, 3751.9106565459997)
[2025-03-22 17:10:41,503][flwr][DEBUG] - evaluate_round 83: strategy sampled 3 clients (out of 3)
[2025-03-22 17:10:47,047][flwr][DEBUG] - evaluate_round 83 received 3 results and 0 failures
[2025-03-22 17:10:47,048][flwr][DEBUG] - fit_round 84: strategy sampled 3 clients (out of 3)
[2025-03-22 17:11:20,590][flwr][DEBUG] - fit_round 84 received 3 results and 0 failures
[2025-03-22 17:11:26,884][flwr][INFO] - fit progress: (84, 0.2980613253182835, {'iou': [0.7167893282208077, 0.5632429058507392, 0.6462195629369095], 'dice': [0.8305095784190625, 0.7167412292217659, 0.7761176656155754], 'loss': [0.21658180405696234, 0.3529597918192546, 0.3246423800786336]}, 3797.292540074999)
[2025-03-22 17:11:26,885][flwr][DEBUG] - evaluate_round 84: strategy sampled 3 clients (out of 3)
[2025-03-22 17:11:32,124][flwr][DEBUG] - evaluate_round 84 received 3 results and 0 failures
[2025-03-22 17:11:32,125][flwr][DEBUG] - fit_round 85: strategy sampled 3 clients (out of 3)
[2025-03-22 17:12:05,507][flwr][DEBUG] - fit_round 85 received 3 results and 0 failures
[2025-03-22 17:12:11,783][flwr][INFO] - fit progress: (85, 0.27789826360013753, {'iou': [0.7575187818961221, 0.6662889415229657, 0.6925812386886161], 'dice': [0.8598084625211925, 0.7955450251555582, 0.8124633450742781], 'loss': [0.19467069705327353, 0.3167395144701004, 0.3222845792770386]}, 3842.190753504)
[2025-03-22 17:12:11,783][flwr][DEBUG] - evaluate_round 85: strategy sampled 3 clients (out of 3)
[2025-03-22 17:12:17,114][flwr][DEBUG] - evaluate_round 85 received 3 results and 0 failures
[2025-03-22 17:12:17,115][flwr][DEBUG] - fit_round 86: strategy sampled 3 clients (out of 3)
[2025-03-22 17:12:51,070][flwr][DEBUG] - fit_round 86 received 3 results and 0 failures
[2025-03-22 17:12:57,354][flwr][INFO] - fit progress: (86, 0.27571645710203385, {'iou': [0.7561053598085298, 0.6430960056363053, 0.7129220002565381], 'dice': [0.8597004208323419, 0.7810862050213725, 0.8276520869662476], 'loss': [0.1912291944026947, 0.3285684684912364, 0.3073517084121704]}, 3887.7615854779997)
[2025-03-22 17:12:57,354][flwr][DEBUG] - evaluate_round 86: strategy sampled 3 clients (out of 3)
[2025-03-22 17:13:02,617][flwr][DEBUG] - evaluate_round 86 received 3 results and 0 failures
[2025-03-22 17:13:02,618][flwr][DEBUG] - fit_round 87: strategy sampled 3 clients (out of 3)
[2025-03-22 17:13:35,911][flwr][DEBUG] - fit_round 87 received 3 results and 0 failures
[2025-03-22 17:13:42,406][flwr][INFO] - fit progress: (87, 0.2766952945126428, {'iou': [0.739812187377007, 0.5813053548303373, 0.6884322945536763], 'dice': [0.8460205171447978, 0.7345877937804118, 0.8091208808073995], 'loss': [0.18601036568482718, 0.33093880116939545, 0.31313671668370563]}, 3932.813865223)
[2025-03-22 17:13:42,407][flwr][DEBUG] - evaluate_round 87: strategy sampled 3 clients (out of 3)
[2025-03-22 17:13:47,793][flwr][DEBUG] - evaluate_round 87 received 3 results and 0 failures
[2025-03-22 17:13:47,793][flwr][DEBUG] - fit_round 88: strategy sampled 3 clients (out of 3)
[2025-03-22 17:14:21,994][flwr][DEBUG] - fit_round 88 received 3 results and 0 failures
[2025-03-22 17:14:28,352][flwr][INFO] - fit progress: (88, 0.2785831929908858, {'iou': [0.6977306500556809, 0.6204275821501017, 0.6759810292212336], 'dice': [0.8125061329436895, 0.7646787655557507, 0.7973116980989841], 'loss': [0.19365162402391434, 0.3181183785200119, 0.32397957642873126]}, 3978.759826701)
[2025-03-22 17:14:28,352][flwr][DEBUG] - evaluate_round 88: strategy sampled 3 clients (out of 3)
[2025-03-22 17:14:33,892][flwr][DEBUG] - evaluate_round 88 received 3 results and 0 failures
[2025-03-22 17:14:33,892][flwr][DEBUG] - fit_round 89: strategy sampled 3 clients (out of 3)
[2025-03-22 17:15:07,450][flwr][DEBUG] - fit_round 89 received 3 results and 0 failures
[2025-03-22 17:15:13,986][flwr][INFO] - fit progress: (89, 0.27075573719210094, {'iou': [0.7235305213105159, 0.6460356312471849, 0.6820333529691638], 'dice': [0.8353031938612497, 0.7841301927446506, 0.8024721282500741], 'loss': [0.18927397082249323, 0.3095743656158447, 0.3134188751379649]}, 4024.3941327149996)
[2025-03-22 17:15:13,987][flwr][DEBUG] - evaluate_round 89: strategy sampled 3 clients (out of 3)
[2025-03-22 17:15:19,495][flwr][DEBUG] - evaluate_round 89 received 3 results and 0 failures
[2025-03-22 17:15:19,496][flwr][DEBUG] - fit_round 90: strategy sampled 3 clients (out of 3)
[2025-03-22 17:15:53,338][flwr][DEBUG] - fit_round 90 received 3 results and 0 failures
[2025-03-22 17:15:59,692][flwr][INFO] - fit progress: (90, 0.2756192733844121, {'iou': [0.7279146395250543, 0.5866902490989797, 0.6876028651298084], 'dice': [0.8392472054785526, 0.7388006309144108, 0.8075370411536612], 'loss': [0.19514072438081106, 0.3183605174223582, 0.31335657835006714]}, 4070.1005218719993)
[2025-03-22 17:15:59,693][flwr][DEBUG] - evaluate_round 90: strategy sampled 3 clients (out of 3)
[2025-03-22 17:16:05,109][flwr][DEBUG] - evaluate_round 90 received 3 results and 0 failures
[2025-03-22 17:16:05,110][flwr][DEBUG] - fit_round 91: strategy sampled 3 clients (out of 3)
[2025-03-22 17:16:38,752][flwr][DEBUG] - fit_round 91 received 3 results and 0 failures
[2025-03-22 17:16:45,091][flwr][INFO] - fit progress: (91, 0.26095413830545217, {'iou': [0.7605796828265374, 0.6733814482901712, 0.6474364164384468], 'dice': [0.8615463254659037, 0.8012216448139912, 0.7857311878325017], 'loss': [0.160849059621493, 0.3140028963486354, 0.308010458946228]}, 4115.499031965)
[2025-03-22 17:16:45,092][flwr][DEBUG] - evaluate_round 91: strategy sampled 3 clients (out of 3)
[2025-03-22 17:16:50,454][flwr][DEBUG] - evaluate_round 91 received 3 results and 0 failures
[2025-03-22 17:16:50,455][flwr][DEBUG] - fit_round 92: strategy sampled 3 clients (out of 3)
[2025-03-22 17:17:24,329][flwr][DEBUG] - fit_round 92 received 3 results and 0 failures
[2025-03-22 17:17:30,609][flwr][INFO] - fit progress: (92, 0.2751710505949126, {'iou': [0.7436043521443513, 0.48561695239290725, 0.7117984048629123], 'dice': [0.8496843474162216, 0.6370720613330108, 0.8263910141996167], 'loss': [0.17150848855574927, 0.35463761289914447, 0.2993670503298442]}, 4161.017302199)
[2025-03-22 17:17:30,610][flwr][DEBUG] - evaluate_round 92: strategy sampled 3 clients (out of 3)
[2025-03-22 17:17:35,915][flwr][DEBUG] - evaluate_round 92 received 3 results and 0 failures
[2025-03-22 17:17:35,916][flwr][DEBUG] - fit_round 93: strategy sampled 3 clients (out of 3)
[2025-03-22 17:18:09,164][flwr][DEBUG] - fit_round 93 received 3 results and 0 failures
[2025-03-22 17:18:15,614][flwr][INFO] - fit progress: (93, 0.25388511766990024, {'iou': [0.7698477678552645, 0.6446368021758858, 0.7222670297825075], 'dice': [0.8665289945414741, 0.7792071123936145, 0.8340982420388038], 'loss': [0.15858902285496393, 0.33139269053936005, 0.27167363961537677]}, 4206.022549241)
[2025-03-22 17:18:15,615][flwr][DEBUG] - evaluate_round 93: strategy sampled 3 clients (out of 3)
[2025-03-22 17:18:20,978][flwr][DEBUG] - evaluate_round 93 received 3 results and 0 failures
[2025-03-22 17:18:20,979][flwr][DEBUG] - fit_round 94: strategy sampled 3 clients (out of 3)
[2025-03-22 17:18:54,492][flwr][DEBUG] - fit_round 94 received 3 results and 0 failures
[2025-03-22 17:19:00,770][flwr][INFO] - fit progress: (94, 0.2711595404479239, {'iou': [0.745064568156316, 0.47189662466126875, 0.7001719360164923], 'dice': [0.851203842523154, 0.6099852721387676, 0.8206255554680643], 'loss': [0.16914895921945572, 0.3733644485473633, 0.27096521357695263]}, 4251.177868325)
[2025-03-22 17:19:00,771][flwr][DEBUG] - evaluate_round 94: strategy sampled 3 clients (out of 3)
[2025-03-22 17:19:06,147][flwr][DEBUG] - evaluate_round 94 received 3 results and 0 failures
[2025-03-22 17:19:06,148][flwr][DEBUG] - fit_round 95: strategy sampled 3 clients (out of 3)
[2025-03-22 17:19:39,694][flwr][DEBUG] - fit_round 95 received 3 results and 0 failures
[2025-03-22 17:19:46,253][flwr][INFO] - fit progress: (95, 0.23432700749900606, {'iou': [0.7505678922134896, 0.6907651840136256, 0.7245470723840489], 'dice': [0.8551282450399667, 0.8119197323415736, 0.8354521875777422], 'loss': [0.15369804700215658, 0.30243675659100216, 0.24684621890385947]}, 4296.661206918)
[2025-03-22 17:19:46,254][flwr][DEBUG] - evaluate_round 95: strategy sampled 3 clients (out of 3)
[2025-03-22 17:19:51,604][flwr][DEBUG] - evaluate_round 95 received 3 results and 0 failures
[2025-03-22 17:19:51,605][flwr][DEBUG] - fit_round 96: strategy sampled 3 clients (out of 3)
[2025-03-22 17:20:24,709][flwr][DEBUG] - fit_round 96 received 3 results and 0 failures
[2025-03-22 17:20:30,957][flwr][INFO] - fit progress: (96, 0.23571954088078606, {'iou': [0.7482802141289057, 0.5180334396321583, 0.731606625803396], 'dice': [0.8527960963922867, 0.6711546198820896, 0.8400961925699614], 'loss': [0.14903242141008377, 0.32723791400591534, 0.23088828722635904]}, 4341.364971014999)
[2025-03-22 17:20:30,958][flwr][DEBUG] - evaluate_round 96: strategy sampled 3 clients (out of 3)
[2025-03-22 17:20:36,247][flwr][DEBUG] - evaluate_round 96 received 3 results and 0 failures
[2025-03-22 17:20:36,248][flwr][DEBUG] - fit_round 97: strategy sampled 3 clients (out of 3)
[2025-03-22 17:21:09,574][flwr][DEBUG] - fit_round 97 received 3 results and 0 failures
[2025-03-22 17:21:15,838][flwr][INFO] - fit progress: (97, 0.21693269411722818, {'iou': [0.786332435737782, 0.6898236071407697, 0.7281597811252208], 'dice': [0.8788410389263385, 0.810170347895915, 0.8377017239086791], 'loss': [0.14404414097468057, 0.27774093051751453, 0.22901301085948944]}, 4386.246018154)
[2025-03-22 17:21:15,840][flwr][DEBUG] - evaluate_round 97: strategy sampled 3 clients (out of 3)
[2025-03-22 17:21:21,246][flwr][DEBUG] - evaluate_round 97 received 3 results and 0 failures
[2025-03-22 17:21:21,247][flwr][DEBUG] - fit_round 98: strategy sampled 3 clients (out of 3)
[2025-03-22 17:21:54,626][flwr][DEBUG] - fit_round 98 received 3 results and 0 failures
[2025-03-22 17:22:00,586][flwr][INFO] - fit progress: (98, 0.2591874442166752, {'iou': [0.7724838622512483, 0.47002503991630024, 0.7277982819331976], 'dice': [0.8691636576180227, 0.604497326767453, 0.8344455834620659], 'loss': [0.158011794090271, 0.39479615290959674, 0.22475438565015793]}, 4430.993717286)
[2025-03-22 17:22:00,586][flwr][DEBUG] - evaluate_round 98: strategy sampled 3 clients (out of 3)
[2025-03-22 17:22:06,095][flwr][DEBUG] - evaluate_round 98 received 3 results and 0 failures
[2025-03-22 17:22:06,096][flwr][DEBUG] - fit_round 99: strategy sampled 3 clients (out of 3)
[2025-03-22 17:22:39,678][flwr][DEBUG] - fit_round 99 received 3 results and 0 failures
[2025-03-22 17:22:45,507][flwr][INFO] - fit progress: (99, 0.23924928986363939, {'iou': [0.7828333911930256, 0.4759328402164646, 0.7369776935475025], 'dice': [0.876087811564032, 0.6239250141148902, 0.8425403438187304], 'loss': [0.14988073706626892, 0.34879475831985474, 0.21907237420479456]}, 4475.914660882)
[2025-03-22 17:22:45,507][flwr][DEBUG] - evaluate_round 99: strategy sampled 3 clients (out of 3)
[2025-03-22 17:22:51,292][flwr][DEBUG] - evaluate_round 99 received 3 results and 0 failures
[2025-03-22 17:22:51,293][flwr][DEBUG] - fit_round 100: strategy sampled 3 clients (out of 3)
[2025-03-22 17:23:24,802][flwr][DEBUG] - fit_round 100 received 3 results and 0 failures
[2025-03-22 17:23:30,910][flwr][INFO] - fit progress: (100, 0.22319676892624962, {'iou': [0.7309301865678192, 0.5932325591299548, 0.7181227832717635], 'dice': [0.8408054009515888, 0.7438818544544908, 0.8283859756135271], 'loss': [0.16685842722654343, 0.2783183852831523, 0.22441349426905313]}, 4521.317899815999)
[2025-03-22 17:23:30,911][flwr][DEBUG] - evaluate_round 100: strategy sampled 3 clients (out of 3)
[2025-03-22 17:23:36,402][flwr][DEBUG] - evaluate_round 100 received 3 results and 0 failures
[2025-03-22 17:23:36,403][flwr][DEBUG] - fit_round 101: strategy sampled 3 clients (out of 3)
[2025-03-22 17:24:10,077][flwr][DEBUG] - fit_round 101 received 3 results and 0 failures
[2025-03-22 17:24:16,433][flwr][INFO] - fit progress: (101, 0.20799458026885986, {'iou': [0.7831217549327542, 0.684253637587262, 0.7373153307263993], 'dice': [0.8759791390024264, 0.8054737533637114, 0.8429768065072376], 'loss': [0.1371236170331637, 0.2652059669295947, 0.2216541568438212]}, 4566.840693522999)
[2025-03-22 17:24:16,434][flwr][DEBUG] - evaluate_round 101: strategy sampled 3 clients (out of 3)
[2025-03-22 17:24:21,984][flwr][DEBUG] - evaluate_round 101 received 3 results and 0 failures
[2025-03-22 17:24:21,985][flwr][DEBUG] - fit_round 102: strategy sampled 3 clients (out of 3)
[2025-03-22 17:24:55,569][flwr][DEBUG] - fit_round 102 received 3 results and 0 failures
[2025-03-22 17:25:01,949][flwr][INFO] - fit progress: (102, 0.21444245013925764, {'iou': [0.7591120466553966, 0.7030866391126415, 0.7299751921099285], 'dice': [0.8599325736416215, 0.8210883322093784, 0.8370204533781079], 'loss': [0.1490044668316841, 0.2656528626879056, 0.2286700208981832]}, 4612.357252675)
[2025-03-22 17:25:01,950][flwr][DEBUG] - evaluate_round 102: strategy sampled 3 clients (out of 3)
[2025-03-22 17:25:07,369][flwr][DEBUG] - evaluate_round 102 received 3 results and 0 failures
[2025-03-22 17:25:07,370][flwr][DEBUG] - fit_round 103: strategy sampled 3 clients (out of 3)
[2025-03-22 17:25:40,982][flwr][DEBUG] - fit_round 103 received 3 results and 0 failures
[2025-03-22 17:25:47,342][flwr][INFO] - fit progress: (103, 0.21960307906071344, {'iou': [0.764748742369061, 0.6499332363704454, 0.7118457242976827], 'dice': [0.8650990073340136, 0.7871054249454161, 0.8238760958839412], 'loss': [0.14439049611488977, 0.2912938545147578, 0.22312488655249277]}, 4657.750519590999)
[2025-03-22 17:25:47,343][flwr][DEBUG] - evaluate_round 103: strategy sampled 3 clients (out of 3)
[2025-03-22 17:25:52,906][flwr][DEBUG] - evaluate_round 103 received 3 results and 0 failures
[2025-03-22 17:25:52,907][flwr][DEBUG] - fit_round 104: strategy sampled 3 clients (out of 3)
[2025-03-22 17:26:26,113][flwr][DEBUG] - fit_round 104 received 3 results and 0 failures
[2025-03-22 17:26:32,423][flwr][INFO] - fit progress: (104, 0.20078077663977942, {'iou': [0.7873889727147875, 0.7082959184218685, 0.7259135183903146], 'dice': [0.8785297647867387, 0.8248535744311313, 0.836804602127536], 'loss': [0.1382837394873301, 0.24612863610188165, 0.21792995433012644]}, 4702.831315128999)
[2025-03-22 17:26:32,424][flwr][DEBUG] - evaluate_round 104: strategy sampled 3 clients (out of 3)
[2025-03-22 17:26:37,801][flwr][DEBUG] - evaluate_round 104 received 3 results and 0 failures
[2025-03-22 17:26:37,802][flwr][DEBUG] - fit_round 105: strategy sampled 3 clients (out of 3)
[2025-03-22 17:27:11,069][flwr][DEBUG] - fit_round 105 received 3 results and 0 failures
[2025-03-22 17:27:17,383][flwr][INFO] - fit progress: (105, 0.20245373331838182, {'iou': [0.7822608915245491, 0.7111239255384354, 0.7296462983063808], 'dice': [0.8762261007118153, 0.8264824878591637, 0.8362574319312849], 'loss': [0.13936442385117212, 0.24884794652462006, 0.21914882957935333]}, 4747.790611124)
[2025-03-22 17:27:17,383][flwr][DEBUG] - evaluate_round 105: strategy sampled 3 clients (out of 3)
[2025-03-22 17:27:22,943][flwr][DEBUG] - evaluate_round 105 received 3 results and 0 failures
[2025-03-22 17:27:22,944][flwr][DEBUG] - fit_round 106: strategy sampled 3 clients (out of 3)
[2025-03-22 17:27:56,572][flwr][DEBUG] - fit_round 106 received 3 results and 0 failures
[2025-03-22 17:28:02,807][flwr][INFO] - fit progress: (106, 0.20620915252301428, {'iou': [0.7918345980685063, 0.699954639369294, 0.7426296713634343], 'dice': [0.8809720003299487, 0.81723069938883, 0.8465630371508531], 'loss': [0.13100037599603334, 0.27316412329673767, 0.21446295827627182]}, 4793.215542142)
[2025-03-22 17:28:02,808][flwr][DEBUG] - evaluate_round 106: strategy sampled 3 clients (out of 3)
[2025-03-22 17:28:08,123][flwr][DEBUG] - evaluate_round 106 received 3 results and 0 failures
[2025-03-22 17:28:08,123][flwr][DEBUG] - fit_round 107: strategy sampled 3 clients (out of 3)
[2025-03-22 17:28:41,658][flwr][DEBUG] - fit_round 107 received 3 results and 0 failures
[2025-03-22 17:28:47,929][flwr][INFO] - fit progress: (107, 0.23228389604224098, {'iou': [0.79252912651584, 0.48619900653737097, 0.7454594563967416], 'dice': [0.8825568973443237, 0.6344089405960677, 0.8480268519295282], 'loss': [0.13730195413033167, 0.3418307602405548, 0.2177189737558365]}, 4838.337486465)
[2025-03-22 17:28:47,930][flwr][DEBUG] - evaluate_round 107: strategy sampled 3 clients (out of 3)
[2025-03-22 17:28:53,333][flwr][DEBUG] - evaluate_round 107 received 3 results and 0 failures
[2025-03-22 17:28:53,334][flwr][DEBUG] - fit_round 108: strategy sampled 3 clients (out of 3)
