[2024-10-23 22:48:07,061][flwr][INFO] - Starting Flower simulation, config: ServerConfig(num_rounds=3, round_timeout=None)
[2024-10-23 22:48:11,366][flwr][INFO] - Flower VCE: Ray initialized with resources: {'CPU': 18.0, 'node:127.0.0.1': 1.0, 'memory': 4806650267.0, 'object_store_memory': 2403325132.0}
[2024-10-23 22:48:11,381][flwr][INFO] - Initializing global parameters
[2024-10-23 22:48:11,381][flwr][INFO] - Requesting initial parameters from one random client
[2024-10-23 22:48:16,931][flwr][INFO] - Received initial parameters from one random client
[2024-10-23 22:48:16,931][flwr][INFO] - Evaluating initial parameters
[2024-10-23 22:49:06,168][flwr][INFO] - initial parameters (loss, other metrics): 1.2229446570078533, {'iou': 0.0930743748195732, 'dice': 0.16947281735259614}
[2024-10-23 22:49:06,217][flwr][INFO] - FL starting
[2024-10-23 22:49:06,217][flwr][DEBUG] - fit_round 1: strategy sampled 1 clients (out of 2)
[2024-10-23 22:51:51,716][flwr][DEBUG] - fit_round 1 received 1 results and 0 failures
[2024-10-23 22:51:51,904][flwr][WARNING] - No fit_metrics_aggregation_fn provided
[2024-10-23 22:52:30,205][flwr][INFO] - fit progress: (1, 1.0578317377302382, {'iou': 9.899549530413202e-10, 'dice': 1.979909899473097e-09}, 203.9884814)
[2024-10-23 22:52:30,205][flwr][DEBUG] - evaluate_round 1: strategy sampled 1 clients (out of 2)
[2024-10-23 22:52:48,763][flwr][DEBUG] - evaluate_round 1 received 1 results and 0 failures
[2024-10-23 22:52:48,763][flwr][WARNING] - No evaluate_metrics_aggregation_fn provided
[2024-10-23 22:52:48,778][flwr][DEBUG] - fit_round 2: strategy sampled 1 clients (out of 2)
[2024-10-23 22:55:26,774][flwr][DEBUG] - fit_round 2 received 1 results and 0 failures
[2024-10-23 22:56:05,802][flwr][INFO] - fit progress: (2, 1.0829220480389066, {'iou': 9.899549530413202e-10, 'dice': 1.979909899473097e-09}, 419.597474)
[2024-10-23 22:56:05,802][flwr][DEBUG] - evaluate_round 2: strategy sampled 1 clients (out of 2)
[2024-10-23 22:56:24,516][flwr][DEBUG] - evaluate_round 2 received 1 results and 0 failures
[2024-10-23 22:56:24,516][flwr][DEBUG] - fit_round 3: strategy sampled 1 clients (out of 2)
[2024-10-23 22:59:03,192][flwr][DEBUG] - fit_round 3 received 1 results and 0 failures
[2024-10-23 22:59:43,088][flwr][INFO] - fit progress: (3, 1.056776099734836, {'iou': 9.899549530413202e-10, 'dice': 1.979909899473097e-09}, 636.8713283)
[2024-10-23 22:59:43,088][flwr][DEBUG] - evaluate_round 3: strategy sampled 1 clients (out of 2)
[2024-10-23 23:00:02,003][flwr][DEBUG] - evaluate_round 3 received 1 results and 0 failures
[2024-10-23 23:00:02,003][flwr][INFO] - FL finished in 655.7965346000001
[2024-10-23 23:00:02,018][flwr][INFO] - app_fit: losses_distributed [(1, 1.0539085566997528), (2, 1.0914864838123322), (3, 1.0592628419399261)]
[2024-10-23 23:00:02,018][flwr][INFO] - app_fit: metrics_distributed_fit {}
[2024-10-23 23:00:02,018][flwr][INFO] - app_fit: metrics_distributed {}
[2024-10-23 23:00:02,018][flwr][INFO] - app_fit: losses_centralized [(0, 1.2229446570078533), (1, 1.0578317377302382), (2, 1.0829220480389066), (3, 1.056776099734836)]
[2024-10-23 23:00:02,018][flwr][INFO] - app_fit: metrics_centralized {'iou': [(0, 0.0930743748195732), (1, 9.899549530413202e-10), (2, 9.899549530413202e-10), (3, 9.899549530413202e-10)], 'dice': [(0, 0.16947281735259614), (1, 1.979909899473097e-09), (2, 1.979909899473097e-09), (3, 1.979909899473097e-09)]}
