[2024-10-24 19:45:57,016][flwr][INFO] - Starting Flower simulation, config: ServerConfig(num_rounds=3, round_timeout=None)
[2024-10-24 19:46:00,058][flwr][INFO] - Flower VCE: Ray initialized with resources: {'memory': 4368224256.0, 'object_store_memory': 2184112128.0, 'CPU': 18.0, 'node:127.0.0.1': 1.0}
[2024-10-24 19:46:00,059][flwr][INFO] - Initializing global parameters
[2024-10-24 19:46:00,059][flwr][INFO] - Requesting initial parameters from one random client
[2024-10-24 19:46:03,339][flwr][INFO] - Received initial parameters from one random client
[2024-10-24 19:46:03,339][flwr][INFO] - Evaluating initial parameters
[2024-10-24 19:46:42,792][flwr][INFO] - initial parameters (loss, other metrics): 1.2229446570078533, {'iou': 0.0930743748195732, 'dice': 0.16947281735259614}
[2024-10-24 19:46:42,792][flwr][INFO] - FL starting
[2024-10-24 19:46:42,792][flwr][DEBUG] - fit_round 1: strategy sampled 1 clients (out of 2)
[2024-10-24 19:49:18,683][flwr][DEBUG] - fit_round 1 received 1 results and 0 failures
[2024-10-24 19:49:18,857][flwr][WARNING] - No fit_metrics_aggregation_fn provided
[2024-10-24 19:49:57,996][flwr][INFO] - fit progress: (1, 1.0578317377302382, {'iou': 9.899549530413202e-10, 'dice': 1.979909899473097e-09}, 195.21071)
[2024-10-24 19:49:57,996][flwr][DEBUG] - evaluate_round 1: strategy sampled 1 clients (out of 2)
[2024-10-24 19:50:16,621][flwr][DEBUG] - evaluate_round 1 received 1 results and 0 failures
[2024-10-24 19:50:16,621][flwr][WARNING] - No evaluate_metrics_aggregation_fn provided
[2024-10-24 19:50:16,621][flwr][DEBUG] - fit_round 2: strategy sampled 1 clients (out of 2)
[2024-10-24 19:53:14,852][flwr][DEBUG] - fit_round 2 received 1 results and 0 failures
[2024-10-24 19:53:58,726][flwr][INFO] - fit progress: (2, 1.0829220480389066, {'iou': 9.899549530413202e-10, 'dice': 1.979909899473097e-09}, 435.94084339999995)
[2024-10-24 19:53:58,726][flwr][DEBUG] - evaluate_round 2: strategy sampled 1 clients (out of 2)
[2024-10-24 19:54:17,575][flwr][DEBUG] - evaluate_round 2 received 1 results and 0 failures
[2024-10-24 19:54:17,575][flwr][DEBUG] - fit_round 3: strategy sampled 1 clients (out of 2)
[2024-10-24 19:56:57,996][flwr][DEBUG] - fit_round 3 received 1 results and 0 failures
[2024-10-24 19:57:37,343][flwr][INFO] - fit progress: (3, 1.0615988439983792, {'iou': 9.899549530413202e-10, 'dice': 1.979909899473097e-09}, 654.5614105999999)
[2024-10-24 19:57:37,343][flwr][DEBUG] - evaluate_round 3: strategy sampled 1 clients (out of 2)
[2024-10-24 19:57:55,558][flwr][DEBUG] - evaluate_round 3 received 1 results and 0 failures
[2024-10-24 19:57:55,558][flwr][INFO] - FL finished in 672.7770737999999
[2024-10-24 19:57:55,574][flwr][INFO] - app_fit: losses_distributed [(1, 1.0499727427959442), (2, 1.0522494614124298), (3, 1.06338432431221)]
[2024-10-24 19:57:55,574][flwr][INFO] - app_fit: metrics_distributed_fit {}
[2024-10-24 19:57:55,574][flwr][INFO] - app_fit: metrics_distributed {}
[2024-10-24 19:57:55,574][flwr][INFO] - app_fit: losses_centralized [(0, 1.2229446570078533), (1, 1.0578317377302382), (2, 1.0829220480389066), (3, 1.0615988439983792)]
[2024-10-24 19:57:55,574][flwr][INFO] - app_fit: metrics_centralized {'iou': [(0, 0.0930743748195732), (1, 9.899549530413202e-10), (2, 9.899549530413202e-10), (3, 9.899549530413202e-10)], 'dice': [(0, 0.16947281735259614), (1, 1.979909899473097e-09), (2, 1.979909899473097e-09), (3, 1.979909899473097e-09)]}
