[2025-03-19 20:31:55,865][flwr][INFO] - Running on CUDA compatible GPU
[2025-03-19 20:31:55,915][flwr][INFO] - Datasets loaded. Number of datasets: 3
[2025-03-19 20:31:55,918][flwr][INFO] - Starting Flower simulation, config: ServerConfig(num_rounds=3, round_timeout=None)
[2025-03-19 20:32:01,537][flwr][INFO] - Flower VCE: Ray initialized with resources: {'node:__internal_head__': 1.0, 'accelerator_type:T4': 1.0, 'CPU': 2.0, 'GPU': 1.0, 'object_store_memory': 3970697625.0, 'memory': 7941395252.0, 'node:172.28.0.12': 1.0}
[2025-03-19 20:32:01,537][flwr][INFO] - Initializing global parameters
[2025-03-19 20:32:01,537][flwr][INFO] - Requesting initial parameters from one random client
[2025-03-19 20:32:14,736][flwr][INFO] - Received initial parameters from one random client
[2025-03-19 20:32:14,736][flwr][INFO] - Evaluating initial parameters
[2025-03-19 20:32:19,807][flwr][INFO] - initial parameters (loss, other metrics): 1.1255731185277302, {'iou': [0.023542880206780956, 0.018430037336299793, 0.01779262972789192], 'dice': [0.04590203966560746, 0.0361805745860701, 0.034912847370409554], 'loss': [1.1431344350179036, 1.1268397569656372, 1.1067451635996501]}
[2025-03-19 20:32:19,808][flwr][INFO] - FL starting
[2025-03-19 20:32:19,808][flwr][DEBUG] - fit_round 1: strategy sampled 1 clients (out of 3)
[2025-03-19 20:32:31,718][flwr][DEBUG] - fit_round 1 received 1 results and 0 failures
[2025-03-19 20:32:31,954][flwr][WARNING] - No fit_metrics_aggregation_fn provided
[2025-03-19 20:32:35,509][flwr][INFO] - fit progress: (1, 1.0388088491227891, {'iou': [0.0036690613121227564, 0.024102879125347334, 0.013489027557668738], 'dice': [0.007297694485629711, 0.0450793232164848, 0.026033602383784146], 'loss': [1.0345211029052734, 1.030613382657369, 1.051292061805725]}, 15.700959896999848)
[2025-03-19 20:32:35,509][flwr][DEBUG] - evaluate_round 1: strategy sampled 1 clients (out of 3)
[2025-03-19 20:32:37,702][flwr][DEBUG] - evaluate_round 1 received 1 results and 0 failures
[2025-03-19 20:32:37,702][flwr][WARNING] - No evaluate_metrics_aggregation_fn provided
[2025-03-19 20:32:37,703][flwr][DEBUG] - fit_round 2: strategy sampled 1 clients (out of 3)
[2025-03-19 20:32:48,230][flwr][DEBUG] - fit_round 2 received 1 results and 0 failures
[2025-03-19 20:32:52,702][flwr][INFO] - fit progress: (2, 1.037447730700175, {'iou': [0.01244627583590926, 0.008186543170194212, 1.1055147443634186e-05], 'dice': [0.024547345101192126, 0.01598284559343059, 2.2109561702956145e-05], 'loss': [1.0284748872121174, 1.0262434482574463, 1.0576248566309612]}, 32.894711059999736)
[2025-03-19 20:32:52,703][flwr][DEBUG] - evaluate_round 2: strategy sampled 1 clients (out of 3)
[2025-03-19 20:32:55,388][flwr][DEBUG] - evaluate_round 2 received 1 results and 0 failures
[2025-03-19 20:32:55,389][flwr][DEBUG] - fit_round 3: strategy sampled 1 clients (out of 3)
[2025-03-19 20:33:04,894][flwr][DEBUG] - fit_round 3 received 1 results and 0 failures
[2025-03-19 20:33:10,595][flwr][INFO] - fit progress: (3, 1.0254591372278001, {'iou': [0.006863140473195777, 0.004280830391138614, 0.0029763440074831744], 'dice': [0.013481878498116223, 0.008506266170734694, 0.005915930055595739], 'loss': [1.018773893515269, 1.0160633722941081, 1.0415401458740234]}, 50.786898177999774)
[2025-03-19 20:33:10,595][flwr][DEBUG] - evaluate_round 3: strategy sampled 1 clients (out of 3)
[2025-03-19 20:33:12,271][flwr][DEBUG] - evaluate_round 3 received 1 results and 0 failures
[2025-03-19 20:33:12,271][flwr][INFO] - FL finished in 52.46350364300042
[2025-03-19 20:33:12,276][flwr][INFO] - app_fit: losses_distributed [(1, 1.0324758688608806), (2, 1.0329296588897705), (3, 1.0116751392682393)]
[2025-03-19 20:33:12,277][flwr][INFO] - app_fit: metrics_distributed_fit {}
[2025-03-19 20:33:12,277][flwr][INFO] - app_fit: metrics_distributed {}
[2025-03-19 20:33:12,277][flwr][INFO] - app_fit: losses_centralized [(0, 1.1255731185277302), (1, 1.0388088491227891), (2, 1.037447730700175), (3, 1.0254591372278001)]
[2025-03-19 20:33:12,277][flwr][INFO] - app_fit: metrics_centralized {'iou': [(0, [0.023542880206780956, 0.018430037336299793, 0.01779262972789192]), (1, [0.0036690613121227564, 0.024102879125347334, 0.013489027557668738]), (2, [0.01244627583590926, 0.008186543170194212, 1.1055147443634186e-05]), (3, [0.006863140473195777, 0.004280830391138614, 0.0029763440074831744])], 'dice': [(0, [0.04590203966560746, 0.0361805745860701, 0.034912847370409554]), (1, [0.007297694485629711, 0.0450793232164848, 0.026033602383784146]), (2, [0.024547345101192126, 0.01598284559343059, 2.2109561702956145e-05]), (3, [0.013481878498116223, 0.008506266170734694, 0.005915930055595739])], 'loss': [(0, [1.1431344350179036, 1.1268397569656372, 1.1067451635996501]), (1, [1.0345211029052734, 1.030613382657369, 1.051292061805725]), (2, [1.0284748872121174, 1.0262434482574463, 1.0576248566309612]), (3, [1.018773893515269, 1.0160633722941081, 1.0415401458740234])]}
